2016-12-24 00:47:03,496 [WARNING] yandextank.core.consoleworker consoleworker.py:164	/etc/yandex-tank is not accessible to get configs list
2016-12-24 00:47:03,497 [INFO] yandextank.core.consoleworker consoleworker.py:199	No config passed via cmdline, using ./load.ini
2016-12-24 00:47:03,498 [DEBUG] yandextank.core.tankcore tankcore.py:438	Adding artifact file to collect (keep=True): /home/user/lab/helloWorld/helloWorld/src/load.ini
2016-12-24 00:47:03,498 [INFO] yandextank.core.tankcore tankcore.py:110	Loading configs...
2016-12-24 00:47:03,498 [DEBUG] yandextank.core.tankcore tankcore.py:569	Reading configs: ['/usr/local/lib/python2.7/dist-packages/yandextank/core/config/00-base.ini', '/home/user/.yandex-tank', '/home/user/lab/helloWorld/helloWorld/src/load.ini']
2016-12-24 00:47:03,500 [DEBUG] yandextank.core.tankcore tankcore.py:599	Section: [tank] prefix: '' options:
[('uuid', '71a849f6-0c2b-494f-b35b-12a325726a97'), ('pid', '3552'), ('lock_dir', '/var/lock'), ('plugin_rcheck', 'yandextank.plugins.ResourceCheck'), ('plugin_shellexec', 'yandextank.plugins.ShellExec'), ('plugin_phantom', 'yandextank.plugins.Phantom'), ('plugin_aggregate', 'yandextank.plugins.Aggregator'), ('plugin_autostop', 'yandextank.plugins.Autostop'), ('plugin_telegraf', 'yandextank.plugins.Telegraf'), ('plugin_console', 'yandextank.plugins.Console'), ('plugin_tips', 'yandextank.plugins.TipsAndTricks'), ('plugin_rcassert', 'yandextank.plugins.RCAssert'), ('artifacts_base_dir', 'logs')]
2016-12-24 00:47:03,500 [DEBUG] yandextank.core.tankcore tankcore.py:438	Adding artifact file to collect (keep=False): /var/lock/lunapark_uhW_9t.lock
2016-12-24 00:47:03,501 [INFO] yandextank.core.tankcore tankcore.py:129	Loading plugins...
2016-12-24 00:47:03,502 [DEBUG] yandextank.core.tankcore tankcore.py:599	Section: [tank] prefix: 'plugin_' options:
[('rcheck', 'yandextank.plugins.ResourceCheck'), ('shellexec', 'yandextank.plugins.ShellExec'), ('phantom', 'yandextank.plugins.Phantom'), ('aggregate', 'yandextank.plugins.Aggregator'), ('autostop', 'yandextank.plugins.Autostop'), ('telegraf', 'yandextank.plugins.Telegraf'), ('console', 'yandextank.plugins.Console'), ('tips', 'yandextank.plugins.TipsAndTricks'), ('rcassert', 'yandextank.plugins.RCAssert')]
2016-12-24 00:47:03,502 [DEBUG] yandextank.core.tankcore tankcore.py:148	Loading plugin rcheck from yandextank.plugins.ResourceCheck
2016-12-24 00:47:03,503 [DEBUG] yandextank.core.tankcore tankcore.py:148	Loading plugin shellexec from yandextank.plugins.ShellExec
2016-12-24 00:47:03,503 [DEBUG] yandextank.core.tankcore tankcore.py:148	Loading plugin phantom from yandextank.plugins.Phantom
2016-12-24 00:47:03,503 [DEBUG] yandextank.core.tankcore tankcore.py:148	Loading plugin aggregate from yandextank.plugins.Aggregator
2016-12-24 00:47:03,504 [DEBUG] yandextank.core.tankcore tankcore.py:148	Loading plugin autostop from yandextank.plugins.Autostop
2016-12-24 00:47:03,504 [DEBUG] yandextank.core.tankcore tankcore.py:148	Loading plugin telegraf from yandextank.plugins.Telegraf
2016-12-24 00:47:03,504 [DEBUG] yandextank.core.tankcore tankcore.py:148	Loading plugin console from yandextank.plugins.Console
2016-12-24 00:47:03,504 [DEBUG] yandextank.core.tankcore tankcore.py:148	Loading plugin tips from yandextank.plugins.TipsAndTricks
2016-12-24 00:47:03,505 [DEBUG] yandextank.core.tankcore tankcore.py:148	Loading plugin rcassert from yandextank.plugins.RCAssert
2016-12-24 00:47:03,506 [DEBUG] yandextank.core.tankcore tankcore.py:173	Plugin instances: [<yandextank.plugins.ResourceCheck.plugin.Plugin object at 0xa32a80c>, <yandextank.plugins.ShellExec.plugin.Plugin object at 0xa32abcc>, <yandextank.plugins.Phantom.plugin.Plugin object at 0xa32ac0c>, <yandextank.plugins.Aggregator.plugin.Plugin object at 0xa32ac2c>, <yandextank.plugins.Autostop.plugin.Plugin object at 0xa32aeec>, <yandextank.plugins.Telegraf.plugin.Plugin object at 0xa32af2c>, <yandextank.plugins.Console.plugin.Plugin object at 0xa32f06c>, <yandextank.plugins.TipsAndTricks.plugin.Plugin object at 0xa32f32c>, <yandextank.plugins.RCAssert.plugin.Plugin object at 0xa32f4ec>]
2016-12-24 00:47:03,506 [INFO] yandextank.core.consoleworker consoleworker.py:258	Performing test
2016-12-24 00:47:03,508 [INFO] yandextank.core.tankcore tankcore.py:183	Configuring plugins...
2016-12-24 00:47:03,509 [DEBUG] yandextank.core.tankcore tankcore.py:396	Searching for plugin: <class 'yandextank.plugins.Telegraf.plugin.Plugin'>
2016-12-24 00:47:03,509 [DEBUG] yandextank.core.tankcore tankcore.py:396	Searching for plugin: <class 'yandextank.plugins.Aggregator.plugin.Plugin'>
2016-12-24 00:47:03,509 [DEBUG] yandextank.core.tankcore tankcore.py:396	Searching for plugin: <class 'yandextank.common.interfaces.GeneratorPlugin'>
2016-12-24 00:47:03,510 [DEBUG] yandextank.core.tankcore tankcore.py:356	No section 'meta', adding
2016-12-24 00:47:03,513 [DEBUG] yandextank.core.tankcore tankcore.py:223	Configuring <yandextank.plugins.ResourceCheck.plugin.Plugin object at 0xa32a80c>
2016-12-24 00:47:03,513 [DEBUG] yandextank.core.tankcore tankcore.py:356	No section 'rcheck', adding
2016-12-24 00:47:03,514 [DEBUG] yandextank.core.tankcore tankcore.py:223	Configuring <yandextank.plugins.ShellExec.plugin.Plugin object at 0xa32abcc>
2016-12-24 00:47:03,514 [DEBUG] yandextank.core.tankcore tankcore.py:356	No section 'shellexec', adding
2016-12-24 00:47:03,517 [DEBUG] yandextank.core.tankcore tankcore.py:223	Configuring <yandextank.plugins.Phantom.plugin.Plugin object at 0xa32ac0c>
2016-12-24 00:47:03,518 [DEBUG] yandextank.core.tankcore tankcore.py:396	Searching for plugin: <class 'yandextank.plugins.Autostop.plugin.Plugin'>
2016-12-24 00:47:03,522 [DEBUG] yandextank.core.tankcore tankcore.py:438	Adding artifact file to collect (keep=False): /home/user/lab/helloWorld/helloWorld/src/logs/answ_xl67VK.log
2016-12-24 00:47:03,524 [DEBUG] yandextank.core.tankcore tankcore.py:438	Adding artifact file to collect (keep=False): /home/user/lab/helloWorld/helloWorld/src/logs/phout_ITX8EC.log
2016-12-24 00:47:03,524 [DEBUG] yandextank.core.tankcore tankcore.py:438	Adding artifact file to collect (keep=False): /home/user/lab/helloWorld/helloWorld/src/logs/phantom_stat_J1JRJV.log
2016-12-24 00:47:03,524 [DEBUG] yandextank.core.tankcore tankcore.py:438	Adding artifact file to collect (keep=False): /home/user/lab/helloWorld/helloWorld/src/logs/phantom_9vh1aH.log
2016-12-24 00:47:03,530 [DEBUG] yandextank.common.util util.py:520	Trying to resolve address string: 127.0.0.1
2016-12-24 00:47:03,530 [DEBUG] yandextank.common.util util.py:537	Parsing port
2016-12-24 00:47:03,530 [DEBUG] yandextank.common.util util.py:547	Lookup result: [(2, 1, 6, '', ('127.0.0.1', 0)), (2, 2, 17, '', ('127.0.0.1', 0)), (2, 3, 0, '', ('127.0.0.1', 0))]
2016-12-24 00:47:03,531 [INFO] yandextank.plugins.Phantom.utils utils.py:267	Resolved 127.0.0.1 into 127.0.0.1:80
2016-12-24 00:47:03,532 [INFO] yandextank.stepper.main main.py:137	Configuring StepperWrapper...
2016-12-24 00:47:03,533 [DEBUG] yandextank.stepper.main main.py:121	Option phantom.ammofile = 
2016-12-24 00:47:03,534 [DEBUG] yandextank.stepper.main main.py:121	Option phantom.ammo_type = 
2016-12-24 00:47:03,534 [DEBUG] yandextank.stepper.main main.py:121	Option phantom.loop = -1
2016-12-24 00:47:03,534 [DEBUG] yandextank.stepper.main main.py:121	Option phantom.ammo_limit = -1
2016-12-24 00:47:03,534 [DEBUG] yandextank.stepper.main main.py:121	Option phantom.rps_schedule = line(1, 100, 10m)
2016-12-24 00:47:03,535 [DEBUG] yandextank.stepper.main main.py:121	Option phantom.instances_schedule = 
2016-12-24 00:47:03,535 [DEBUG] yandextank.stepper.main main.py:121	Option phantom.instances = 1000
2016-12-24 00:47:03,535 [DEBUG] yandextank.stepper.main main.py:121	Option phantom.uris = 
2016-12-24 00:47:03,536 [DEBUG] yandextank.stepper.main main.py:121	Option phantom.headers = 
2016-12-24 00:47:03,538 [DEBUG] yandextank.stepper.main main.py:121	Option phantom.header_http = 1.0
2016-12-24 00:47:03,539 [DEBUG] yandextank.stepper.main main.py:121	Option phantom.autocases = 0
2016-12-24 00:47:03,539 [DEBUG] yandextank.stepper.main main.py:121	Option phantom.enum_ammo = False
2016-12-24 00:47:03,540 [DEBUG] yandextank.stepper.main main.py:121	Option phantom.use_caching = 1
2016-12-24 00:47:03,540 [DEBUG] yandextank.stepper.main main.py:121	Option phantom.file_cache = 8192
2016-12-24 00:47:03,541 [DEBUG] yandextank.stepper.main main.py:121	Option phantom.force_stepping = 0
2016-12-24 00:47:03,542 [DEBUG] yandextank.stepper.main main.py:121	Option phantom.stpd_file = 
2016-12-24 00:47:03,542 [DEBUG] yandextank.stepper.main main.py:121	Option phantom.chosen_cases = 
2016-12-24 00:47:03,542 [DEBUG] yandextank.core.tankcore tankcore.py:223	Configuring <yandextank.plugins.Aggregator.plugin.Plugin object at 0xa32ac2c>
2016-12-24 00:47:03,543 [DEBUG] yandextank.core.tankcore tankcore.py:356	No section 'aggregator', adding
2016-12-24 00:47:03,547 [DEBUG] yandextank.core.tankcore tankcore.py:223	Configuring <yandextank.plugins.Autostop.plugin.Plugin object at 0xa32aeec>
2016-12-24 00:47:03,548 [DEBUG] yandextank.core.tankcore tankcore.py:396	Searching for plugin: <class 'yandextank.plugins.Aggregator.plugin.Plugin'>
2016-12-24 00:47:03,548 [DEBUG] yandextank.core.tankcore tankcore.py:356	No section 'autostop', adding
2016-12-24 00:47:03,553 [DEBUG] yandextank.core.tankcore tankcore.py:223	Configuring <yandextank.plugins.Telegraf.plugin.Plugin object at 0xa32af2c>
2016-12-24 00:47:03,554 [DEBUG] yandextank.core.tankcore tankcore.py:356	No section 'telegraf', adding
2016-12-24 00:47:03,555 [WARNING] yandextank.core.tankcore tankcore.py:370	Mandatory option config was not found in section telegraf
2016-12-24 00:47:03,556 [DEBUG] yandextank.core.tankcore tankcore.py:356	No section 'monitoring', adding
2016-12-24 00:47:03,556 [WARNING] yandextank.core.tankcore tankcore.py:370	Mandatory option config was not found in section monitoring
2016-12-24 00:47:03,559 [WARNING] yandextank.core.tankcore tankcore.py:370	Mandatory option default_target was not found in section telegraf
2016-12-24 00:47:03,560 [WARNING] yandextank.core.tankcore tankcore.py:370	Mandatory option default_target was not found in section monitoring
2016-12-24 00:47:03,563 [DEBUG] yandextank.core.tankcore tankcore.py:438	Adding artifact file to collect (keep=False): /home/user/lab/helloWorld/helloWorld/src/logs/monitoring_wFsgGl.xml
2016-12-24 00:47:03,563 [DEBUG] yandextank.core.tankcore tankcore.py:396	Searching for plugin: <class 'yandextank.plugins.Autostop.plugin.Plugin'>
2016-12-24 00:47:03,564 [DEBUG] yandextank.core.tankcore tankcore.py:223	Configuring <yandextank.plugins.Console.plugin.Plugin object at 0xa32f06c>
2016-12-24 00:47:03,564 [DEBUG] yandextank.core.tankcore tankcore.py:356	No section 'console', adding
2016-12-24 00:47:03,566 [DEBUG] yandextank.core.tankcore tankcore.py:396	Searching for plugin: <class 'yandextank.plugins.Aggregator.plugin.Plugin'>
2016-12-24 00:47:03,567 [DEBUG] yandextank.core.tankcore tankcore.py:223	Configuring <yandextank.plugins.TipsAndTricks.plugin.Plugin object at 0xa32f32c>
2016-12-24 00:47:03,567 [DEBUG] yandextank.core.tankcore tankcore.py:356	No section 'tips', adding
2016-12-24 00:47:03,568 [DEBUG] yandextank.core.tankcore tankcore.py:223	Configuring <yandextank.plugins.RCAssert.plugin.Plugin object at 0xa32f4ec>
2016-12-24 00:47:03,568 [DEBUG] yandextank.core.tankcore tankcore.py:356	No section 'rcassert', adding
2016-12-24 00:47:03,570 [INFO] yandextank.core.tankcore tankcore.py:231	Preparing test...
2016-12-24 00:47:03,573 [DEBUG] yandextank.core.tankcore tankcore.py:234	Preparing <yandextank.plugins.ResourceCheck.plugin.Plugin object at 0xa32a80c>
2016-12-24 00:47:03,573 [INFO] yandextank.common.interfaces plugin.py:37	Checking tank resources...
2016-12-24 00:47:03,574 [DEBUG] yandextank.common.util util.py:447	Starting: sh -c "df --no-sync -m -P -l -x fuse -x tmpfs -x devtmpfs -x davfs -x nfs logs | tail -n 1 | awk '{print \$4}' "
2016-12-24 00:47:03,594 [DEBUG] yandextank.common.util util.py:469	Process output:
3778

2016-12-24 00:47:03,594 [DEBUG] yandextank.common.util util.py:471	Process exit code: 0
2016-12-24 00:47:03,594 [DEBUG] root plugin.py:56	Result: (0, '3778\n', '')
2016-12-24 00:47:03,594 [DEBUG] yandextank.common.interfaces plugin.py:62	Disk free space: 3778/2048
2016-12-24 00:47:03,595 [DEBUG] yandextank.common.interfaces plugin.py:72	Memory free: 411/512
2016-12-24 00:47:03,596 [INFO] yandextank.core.consoleworker consoleworker.py:299	Exception: Traceback (most recent call last):
  File "/usr/local/lib/python2.7/dist-packages/yandextank/core/consoleworker.py", line 262, in perform_test
    self.core.plugins_prepare_test()
  File "/usr/local/lib/python2.7/dist-packages/yandextank/core/tankcore.py", line 235, in plugins_prepare_test
    plugin.prepare_test()
  File "/usr/local/lib/python2.7/dist-packages/yandextank/plugins/ResourceCheck/plugin.py", line 39, in prepare_test
    self.__check_mem()
  File "/usr/local/lib/python2.7/dist-packages/yandextank/plugins/ResourceCheck/plugin.py", line 75, in __check_mem
    "than %sMB: %sMB" % (self.mem_limit, mem_free))
RuntimeError: Not enough resources: free memory less than 512MB: 411MB

2016-12-24 00:47:03,614 [ERROR] yandextank.core.consoleworker consoleworker.py:301	Not enough resources: free memory less than 512MB: 411MB
2016-12-24 00:47:03,617 [INFO] yandextank.core.consoleworker consoleworker.py:248	Trying to shutdown gracefully...
2016-12-24 00:47:03,619 [INFO] yandextank.core.tankcore tankcore.py:279	Finishing test...
2016-12-24 00:47:03,621 [DEBUG] yandextank.core.tankcore tankcore.py:283	Finalize <yandextank.plugins.ResourceCheck.plugin.Plugin object at 0xa32a80c>
2016-12-24 00:47:03,621 [DEBUG] yandextank.core.tankcore tankcore.py:285	RC before: 1
2016-12-24 00:47:03,621 [DEBUG] yandextank.core.tankcore tankcore.py:287	RC after: 1
2016-12-24 00:47:03,621 [DEBUG] yandextank.core.tankcore tankcore.py:283	Finalize <yandextank.plugins.ShellExec.plugin.Plugin object at 0xa32abcc>
2016-12-24 00:47:03,622 [DEBUG] yandextank.core.tankcore tankcore.py:285	RC before: 1
2016-12-24 00:47:03,622 [DEBUG] yandextank.core.tankcore tankcore.py:287	RC after: 1
2016-12-24 00:47:03,622 [DEBUG] yandextank.core.tankcore tankcore.py:283	Finalize <yandextank.plugins.Phantom.plugin.Plugin object at 0xa32ac0c>
2016-12-24 00:47:03,622 [DEBUG] yandextank.core.tankcore tankcore.py:285	RC before: 1
2016-12-24 00:47:03,622 [DEBUG] yandextank.plugins.Phantom.plugin plugin.py:208	Seems phantom finished OK
2016-12-24 00:47:03,622 [DEBUG] yandextank.core.tankcore tankcore.py:287	RC after: 1
2016-12-24 00:47:03,623 [DEBUG] yandextank.core.tankcore tankcore.py:283	Finalize <yandextank.plugins.Aggregator.plugin.Plugin object at 0xa32ac2c>
2016-12-24 00:47:03,623 [DEBUG] yandextank.core.tankcore tankcore.py:285	RC before: 1
2016-12-24 00:47:03,623 [ERROR] yandextank.core.tankcore tankcore.py:289	Failed finishing plugin <yandextank.plugins.Aggregator.plugin.Plugin object at 0xa32ac2c>: 'Plugin' object has no attribute 'drain'
2016-12-24 00:47:03,625 [DEBUG] yandextank.core.tankcore tankcore.py:291	Failed finishing plugin: Traceback (most recent call last):
  File "/usr/local/lib/python2.7/dist-packages/yandextank/core/tankcore.py", line 286, in plugins_end_test
    plugin.end_test(retcode)
  File "/usr/local/lib/python2.7/dist-packages/yandextank/plugins/Aggregator/plugin.py", line 128, in end_test
    if self.drain:
AttributeError: 'Plugin' object has no attribute 'drain'

2016-12-24 00:47:03,625 [DEBUG] yandextank.core.tankcore tankcore.py:283	Finalize <yandextank.plugins.Autostop.plugin.Plugin object at 0xa32aeec>
2016-12-24 00:47:03,625 [DEBUG] yandextank.core.tankcore tankcore.py:285	RC before: 1
2016-12-24 00:47:03,626 [DEBUG] yandextank.core.tankcore tankcore.py:287	RC after: 1
2016-12-24 00:47:03,626 [DEBUG] yandextank.core.tankcore tankcore.py:283	Finalize <yandextank.plugins.Telegraf.plugin.Plugin object at 0xa32af2c>
2016-12-24 00:47:03,626 [DEBUG] yandextank.core.tankcore tankcore.py:285	RC before: 1
2016-12-24 00:47:03,626 [INFO] yandextank.plugins.Telegraf.plugin plugin.py:208	Finishing monitoring
2016-12-24 00:47:03,627 [DEBUG] yandextank.plugins.Telegraf.collector collector.py:117	Uninstalling monitoring agents
2016-12-24 00:47:03,627 [DEBUG] yandextank.core.tankcore tankcore.py:287	RC after: 1
2016-12-24 00:47:03,627 [DEBUG] yandextank.core.tankcore tankcore.py:283	Finalize <yandextank.plugins.Console.plugin.Plugin object at 0xa32f06c>
2016-12-24 00:47:03,627 [DEBUG] yandextank.core.tankcore tankcore.py:285	RC before: 1
2016-12-24 00:47:03,628 [DEBUG] yandextank.core.tankcore tankcore.py:287	RC after: 1
2016-12-24 00:47:03,628 [DEBUG] yandextank.core.tankcore tankcore.py:283	Finalize <yandextank.plugins.TipsAndTricks.plugin.Plugin object at 0xa32f32c>
2016-12-24 00:47:03,628 [DEBUG] yandextank.core.tankcore tankcore.py:285	RC before: 1
2016-12-24 00:47:03,628 [DEBUG] yandextank.core.tankcore tankcore.py:287	RC after: 1
2016-12-24 00:47:03,628 [DEBUG] yandextank.core.tankcore tankcore.py:283	Finalize <yandextank.plugins.RCAssert.plugin.Plugin object at 0xa32f4ec>
2016-12-24 00:47:03,628 [DEBUG] yandextank.core.tankcore tankcore.py:285	RC before: 1
2016-12-24 00:47:03,628 [DEBUG] yandextank.core.tankcore tankcore.py:287	RC after: 1
2016-12-24 00:47:03,628 [INFO] yandextank.core.tankcore tankcore.py:303	Post-processing test...
2016-12-24 00:47:03,630 [DEBUG] yandextank.core.tankcore tankcore.py:307	Post-process <yandextank.plugins.ResourceCheck.plugin.Plugin object at 0xa32a80c>
2016-12-24 00:47:03,630 [DEBUG] yandextank.core.tankcore tankcore.py:309	RC before: 1
2016-12-24 00:47:03,630 [DEBUG] yandextank.core.tankcore tankcore.py:311	RC after: 1
2016-12-24 00:47:03,630 [DEBUG] yandextank.core.tankcore tankcore.py:307	Post-process <yandextank.plugins.ShellExec.plugin.Plugin object at 0xa32abcc>
2016-12-24 00:47:03,630 [DEBUG] yandextank.core.tankcore tankcore.py:309	RC before: 1
2016-12-24 00:47:03,630 [DEBUG] yandextank.core.tankcore tankcore.py:311	RC after: 1
2016-12-24 00:47:03,630 [DEBUG] yandextank.core.tankcore tankcore.py:307	Post-process <yandextank.plugins.Phantom.plugin.Plugin object at 0xa32ac0c>
2016-12-24 00:47:03,631 [DEBUG] yandextank.core.tankcore tankcore.py:309	RC before: 1
2016-12-24 00:47:03,631 [DEBUG] yandextank.core.tankcore tankcore.py:311	RC after: 1
2016-12-24 00:47:03,631 [DEBUG] yandextank.core.tankcore tankcore.py:307	Post-process <yandextank.plugins.Aggregator.plugin.Plugin object at 0xa32ac2c>
2016-12-24 00:47:03,631 [DEBUG] yandextank.core.tankcore tankcore.py:309	RC before: 1
2016-12-24 00:47:03,631 [DEBUG] yandextank.core.tankcore tankcore.py:311	RC after: 1
2016-12-24 00:47:03,631 [DEBUG] yandextank.core.tankcore tankcore.py:307	Post-process <yandextank.plugins.Autostop.plugin.Plugin object at 0xa32aeec>
2016-12-24 00:47:03,631 [DEBUG] yandextank.core.tankcore tankcore.py:309	RC before: 1
2016-12-24 00:47:03,631 [DEBUG] yandextank.core.tankcore tankcore.py:311	RC after: 1
2016-12-24 00:47:03,631 [DEBUG] yandextank.core.tankcore tankcore.py:307	Post-process <yandextank.plugins.Telegraf.plugin.Plugin object at 0xa32af2c>
2016-12-24 00:47:03,631 [DEBUG] yandextank.core.tankcore tankcore.py:309	RC before: 1
2016-12-24 00:47:03,632 [DEBUG] yandextank.core.tankcore tankcore.py:311	RC after: 1
2016-12-24 00:47:03,632 [DEBUG] yandextank.core.tankcore tankcore.py:307	Post-process <yandextank.plugins.Console.plugin.Plugin object at 0xa32f06c>
2016-12-24 00:47:03,632 [DEBUG] yandextank.core.tankcore tankcore.py:309	RC before: 1
2016-12-24 00:47:03,632 [DEBUG] yandextank.core.tankcore tankcore.py:311	RC after: 1
2016-12-24 00:47:03,632 [DEBUG] yandextank.core.tankcore tankcore.py:307	Post-process <yandextank.plugins.TipsAndTricks.plugin.Plugin object at 0xa32f32c>
2016-12-24 00:47:03,632 [DEBUG] yandextank.core.tankcore tankcore.py:309	RC before: 1
2016-12-24 00:47:03,632 [DEBUG] yandextank.core.tankcore tankcore.py:311	RC after: 1
2016-12-24 00:47:03,632 [DEBUG] yandextank.core.tankcore tankcore.py:307	Post-process <yandextank.plugins.RCAssert.plugin.Plugin object at 0xa32f4ec>
2016-12-24 00:47:03,632 [DEBUG] yandextank.core.tankcore tankcore.py:309	RC before: 1
2016-12-24 00:47:03,632 [DEBUG] yandextank.core.tankcore tankcore.py:311	RC after: 1
2016-12-24 00:47:03,632 [DEBUG] yandextank.core.tankcore tankcore.py:342	Collecting artifacts
2016-12-24 00:47:03,632 [INFO] yandextank.core.tankcore tankcore.py:343	Artifacts dir: /home/user/lab/helloWorld/helloWorld/src/logs/2016-12-24_00-47-03.6m__7z
2016-12-24 00:47:03,639 [DEBUG] yandextank.core.tankcore tankcore.py:415	Collecting file: /home/user/lab/helloWorld/helloWorld/src/load.ini to /home/user/lab/helloWorld/helloWorld/src/logs/2016-12-24_00-47-03.6m__7z/load.ini
2016-12-24 00:47:03,641 [DEBUG] yandextank.core.tankcore tankcore.py:415	Collecting file: /home/user/lab/helloWorld/helloWorld/src/logs/phantom_stat_J1JRJV.log to /home/user/lab/helloWorld/helloWorld/src/logs/2016-12-24_00-47-03.6m__7z/phantom_stat_J1JRJV.log
2016-12-24 00:47:03,642 [DEBUG] yandextank.core.tankcore tankcore.py:415	Collecting file: /home/user/lab/helloWorld/helloWorld/src/logs/monitoring_wFsgGl.xml to /home/user/lab/helloWorld/helloWorld/src/logs/2016-12-24_00-47-03.6m__7z/monitoring_wFsgGl.xml
2016-12-24 00:47:03,642 [DEBUG] yandextank.core.tankcore tankcore.py:415	Collecting file: /var/lock/lunapark_uhW_9t.lock to /home/user/lab/helloWorld/helloWorld/src/logs/2016-12-24_00-47-03.6m__7z/lunapark_uhW_9t.lock
2016-12-24 00:47:03,643 [DEBUG] yandextank.core.tankcore tankcore.py:415	Collecting file: /home/user/lab/helloWorld/helloWorld/src/logs/phout_ITX8EC.log to /home/user/lab/helloWorld/helloWorld/src/logs/2016-12-24_00-47-03.6m__7z/phout_ITX8EC.log
2016-12-24 00:47:03,643 [DEBUG] yandextank.core.tankcore tankcore.py:415	Collecting file: tank.log to /home/user/lab/helloWorld/helloWorld/src/logs/2016-12-24_00-47-03.6m__7z/tank.log
2016-12-24 00:47:03,643 [DEBUG] yandextank.core.tankcore tankcore.py:415	Collecting file: /home/user/lab/helloWorld/helloWorld/src/logs/phantom_9vh1aH.log to /home/user/lab/helloWorld/helloWorld/src/logs/2016-12-24_00-47-03.6m__7z/phantom_9vh1aH.log
2016-12-24 00:47:03,644 [DEBUG] yandextank.core.tankcore tankcore.py:415	Collecting file: /home/user/lab/helloWorld/helloWorld/src/logs/answ_xl67VK.log to /home/user/lab/helloWorld/helloWorld/src/logs/2016-12-24_00-47-03.6m__7z/answ_xl67VK.log
2016-12-24 00:47:03,644 [INFO] yandextank.core.consoleworker consoleworker.py:251	Done graceful shutdown
2016-12-24 00:47:03,644 [INFO] yandextank.core.tankcore tankcore.py:526	Close allocated resources...
2016-12-24 00:47:03,647 [DEBUG] yandextank.core.tankcore tankcore.py:529	Close <yandextank.plugins.ResourceCheck.plugin.Plugin object at 0xa32a80c>
2016-12-24 00:47:03,647 [DEBUG] yandextank.core.tankcore tankcore.py:529	Close <yandextank.plugins.ShellExec.plugin.Plugin object at 0xa32abcc>
2016-12-24 00:47:03,647 [DEBUG] yandextank.core.tankcore tankcore.py:529	Close <yandextank.plugins.Phantom.plugin.Plugin object at 0xa32ac0c>
2016-12-24 00:47:03,647 [DEBUG] yandextank.core.tankcore tankcore.py:529	Close <yandextank.plugins.Aggregator.plugin.Plugin object at 0xa32ac2c>
2016-12-24 00:47:03,647 [DEBUG] yandextank.core.tankcore tankcore.py:529	Close <yandextank.plugins.Autostop.plugin.Plugin object at 0xa32aeec>
2016-12-24 00:47:03,647 [DEBUG] yandextank.core.tankcore tankcore.py:529	Close <yandextank.plugins.Telegraf.plugin.Plugin object at 0xa32af2c>
2016-12-24 00:47:03,648 [DEBUG] yandextank.core.tankcore tankcore.py:529	Close <yandextank.plugins.Console.plugin.Plugin object at 0xa32f06c>
2016-12-24 00:47:03,648 [DEBUG] yandextank.core.tankcore tankcore.py:529	Close <yandextank.plugins.TipsAndTricks.plugin.Plugin object at 0xa32f32c>
2016-12-24 00:47:03,648 [DEBUG] yandextank.core.tankcore tankcore.py:529	Close <yandextank.plugins.RCAssert.plugin.Plugin object at 0xa32f4ec>
2016-12-24 00:47:03,648 [INFO] yandextank.core.consoleworker consoleworker.py:309	Done performing test with code 1
