2016-12-29 20:28:37.232 +0300 [info] [] Start
2016-12-29 20:37:36.449 +0300 [error] [benchmark_io 539] poll: Connection timed out
2016-12-29 20:37:36.450 +0300 [error] [benchmark_io 653] poll: Connection timed out
2016-12-29 20:37:36.450 +0300 [error] [benchmark_io 635] poll: Connection timed out
2016-12-29 20:37:36.458 +0300 [error] [benchmark_io 457] poll: Connection timed out
2016-12-29 20:37:36.458 +0300 [error] [benchmark_io 996] poll: Connection timed out
2016-12-29 20:37:36.458 +0300 [error] [benchmark_io 480] poll: Connection timed out
2016-12-29 20:37:36.459 +0300 [error] [benchmark_io 616] poll: Connection timed out
2016-12-29 20:37:36.459 +0300 [error] [benchmark_io 841] poll: Connection timed out
2016-12-29 20:37:38.096 +0300 [error] [benchmark_io 367] poll: Operation canceled
2016-12-29 20:37:38.097 +0300 [error] [benchmark_io 235] poll: Operation canceled
2016-12-29 20:37:38.097 +0300 [error] [monitor_io] bq_sleep: Operation canceled
2016-12-29 20:37:38.097 +0300 [error] [benchmark_io 391] poll: Operation canceled
2016-12-29 20:37:38.097 +0300 [error] [benchmark_io 398] poll: Operation canceled
2016-12-29 20:37:38.097 +0300 [error] [benchmark_io 213] poll: Operation canceled
2016-12-29 20:37:38.097 +0300 [error] [benchmark_io 250] poll: Operation canceled
2016-12-29 20:37:38.097 +0300 [error] [benchmark_io 003] poll: Operation canceled
2016-12-29 20:37:38.097 +0300 [error] [benchmark_io 313] poll: Operation canceled
2016-12-29 20:37:38.097 +0300 [error] [benchmark_io 389] poll: Operation canceled
2016-12-29 20:37:38.097 +0300 [error] [benchmark_io 528] poll: Operation canceled
2016-12-29 20:37:38.098 +0300 [error] [benchmark_io 554] poll: Operation canceled
2016-12-29 20:37:38.098 +0300 [error] [benchmark_io 217] poll: Operation canceled
2016-12-29 20:37:38.098 +0300 [error] [benchmark_io 770] poll: Operation canceled
2016-12-29 20:37:38.098 +0300 [error] [benchmark_io 377] poll: Operation canceled
2016-12-29 20:37:38.098 +0300 [error] [benchmark_io 399] poll: Operation canceled
2016-12-29 20:37:38.098 +0300 [error] [benchmark_io 224] poll: Operation canceled
2016-12-29 20:37:38.098 +0300 [error] [benchmark_io 228] poll: Operation canceled
2016-12-29 20:37:38.098 +0300 [error] [benchmark_io 380] poll: Operation canceled
2016-12-29 20:37:38.098 +0300 [error] [benchmark_io 405] poll: Operation canceled
2016-12-29 20:37:38.098 +0300 [error] [benchmark_io 450] poll: Operation canceled
2016-12-29 20:37:38.098 +0300 [error] [benchmark_io 239] poll: Operation canceled
2016-12-29 20:37:38.098 +0300 [error] [benchmark_io 993] poll: Operation canceled
2016-12-29 20:37:38.099 +0300 [error] [benchmark_io 246] poll: Operation canceled
2016-12-29 20:37:38.099 +0300 [error] [benchmark_io 984] poll: Operation canceled
2016-12-29 20:37:38.099 +0300 [error] [benchmark_io 948] poll: Operation canceled
2016-12-29 20:37:38.099 +0300 [error] [benchmark_io 431] poll: Operation canceled
2016-12-29 20:37:38.099 +0300 [error] [benchmark_io 533] poll: Operation canceled
2016-12-29 20:37:38.099 +0300 [error] [benchmark_io 557] poll: Operation canceled
2016-12-29 20:37:38.099 +0300 [error] [benchmark_io 538] poll: Operation canceled
2016-12-29 20:37:38.099 +0300 [error] [benchmark_io 544] poll: Operation canceled
2016-12-29 20:37:38.099 +0300 [error] [benchmark_io 573] poll: Operation canceled
2016-12-29 20:37:38.099 +0300 [error] [benchmark_io 543] poll: Operation canceled
2016-12-29 20:37:38.099 +0300 [error] [benchmark_io 303] poll: Operation canceled
2016-12-29 20:37:38.100 +0300 [error] [benchmark_io 761] poll: Operation canceled
2016-12-29 20:37:38.100 +0300 [error] [benchmark_io 229] poll: Operation canceled
2016-12-29 20:37:38.100 +0300 [error] [benchmark_io 560] poll: Operation canceled
2016-12-29 20:37:38.100 +0300 [error] [benchmark_io 581] poll: Operation canceled
2016-12-29 20:37:38.100 +0300 [error] [benchmark_io 126] poll: Operation canceled
2016-12-29 20:37:38.105 +0300 [error] [benchmark_io 589] poll: Operation canceled
2016-12-29 20:37:38.106 +0300 [error] [benchmark_io 130] poll: Operation canceled
2016-12-29 20:37:38.106 +0300 [error] [benchmark_io 120] poll: Operation canceled
2016-12-29 20:37:38.106 +0300 [error] [benchmark_io 143] poll: Operation canceled
2016-12-29 20:37:38.106 +0300 [error] [benchmark_io 548] poll: Operation canceled
2016-12-29 20:37:38.106 +0300 [error] [benchmark_io 124] poll: Operation canceled
2016-12-29 20:37:38.106 +0300 [error] [benchmark_io 415] poll: Operation canceled
2016-12-29 20:37:38.106 +0300 [error] [benchmark_io 664] poll: Operation canceled
2016-12-29 20:37:38.106 +0300 [error] [benchmark_io 467] poll: Operation canceled
2016-12-29 20:37:38.106 +0300 [error] [benchmark_io 738] poll: Operation canceled
2016-12-29 20:37:38.106 +0300 [error] [benchmark_io 656] poll: Operation canceled
2016-12-29 20:37:38.107 +0300 [error] [benchmark_io 364] poll: Operation canceled
2016-12-29 20:37:38.107 +0300 [error] [benchmark_io 470] poll: Operation canceled
2016-12-29 20:37:38.107 +0300 [error] [benchmark_io 661] poll: Operation canceled
2016-12-29 20:37:38.107 +0300 [error] [benchmark_io 368] poll: Operation canceled
2016-12-29 20:37:38.107 +0300 [error] [benchmark_io 453] poll: Operation canceled
2016-12-29 20:37:38.107 +0300 [error] [benchmark_io 966] poll: Operation canceled
2016-12-29 20:37:38.107 +0300 [error] [benchmark_io 937] poll: Operation canceled
2016-12-29 20:37:38.107 +0300 [error] [benchmark_io 408] poll: Operation canceled
2016-12-29 20:37:38.107 +0300 [error] [benchmark_io 903] poll: Operation canceled
2016-12-29 20:37:38.107 +0300 [error] [benchmark_io 171] poll: Operation canceled
2016-12-29 20:37:38.107 +0300 [error] [benchmark_io 579] poll: Operation canceled
2016-12-29 20:37:38.107 +0300 [error] [benchmark_io 692] poll: Operation canceled
2016-12-29 20:37:38.108 +0300 [error] [benchmark_io 430] poll: Operation canceled
2016-12-29 20:37:38.108 +0300 [error] [benchmark_io 200] poll: Operation canceled
2016-12-29 20:37:38.108 +0300 [error] [benchmark_io 889] poll: Operation canceled
2016-12-29 20:37:38.108 +0300 [error] [benchmark_io 737] poll: Operation canceled
2016-12-29 20:37:38.108 +0300 [error] [benchmark_io 648] poll: Operation canceled
2016-12-29 20:37:38.108 +0300 [error] [benchmark_io 153] poll: Operation canceled
2016-12-29 20:37:38.113 +0300 [error] [benchmark_io 133] poll: Operation canceled
2016-12-29 20:37:38.113 +0300 [error] [benchmark_io 740] poll: Operation canceled
2016-12-29 20:37:38.113 +0300 [error] [benchmark_io 636] poll: Operation canceled
2016-12-29 20:37:38.113 +0300 [error] [benchmark_io 484] poll: Operation canceled
2016-12-29 20:37:38.114 +0300 [error] [benchmark_io 410] poll: Operation canceled
2016-12-29 20:37:38.114 +0300 [error] [benchmark_io 477] poll: Operation canceled
2016-12-29 20:37:38.114 +0300 [error] [benchmark_io 962] poll: Operation canceled
2016-12-29 20:37:38.114 +0300 [error] [benchmark_io 657] poll: Operation canceled
2016-12-29 20:37:38.114 +0300 [error] [benchmark_io 637] poll: Operation canceled
2016-12-29 20:37:38.114 +0300 [error] [benchmark_io 620] poll: Operation canceled
2016-12-29 20:37:38.114 +0300 [error] [benchmark_io 731] poll: Operation canceled
2016-12-29 20:37:38.114 +0300 [error] [benchmark_io 052] poll: Operation canceled
2016-12-29 20:37:38.114 +0300 [error] [benchmark_io 624] poll: Operation canceled
2016-12-29 20:37:38.114 +0300 [error] [benchmark_io 337] poll: Operation canceled
2016-12-29 20:37:38.114 +0300 [error] [benchmark_io 064] poll: Operation canceled
2016-12-29 20:37:38.115 +0300 [error] [benchmark_io 214] poll: Operation canceled
2016-12-29 20:37:38.115 +0300 [error] [benchmark_io 621] poll: Operation canceled
2016-12-29 20:37:38.115 +0300 [error] [benchmark_io 709] poll: Operation canceled
2016-12-29 20:37:38.115 +0300 [error] [benchmark_io 794] poll: Operation canceled
2016-12-29 20:37:38.115 +0300 [error] [benchmark_io 895] poll: Operation canceled
2016-12-29 20:37:38.115 +0300 [error] [benchmark_io 938] poll: Operation canceled
2016-12-29 20:37:38.115 +0300 [error] [benchmark_io 977] poll: Operation canceled
2016-12-29 20:37:38.115 +0300 [error] [benchmark_io 747] poll: Operation canceled
2016-12-29 20:37:38.115 +0300 [error] [benchmark_io 901] poll: Operation canceled
2016-12-29 20:37:38.115 +0300 [error] [benchmark_io 888] poll: Operation canceled
2016-12-29 20:37:38.115 +0300 [error] [benchmark_io 750] poll: Operation canceled
2016-12-29 20:37:38.115 +0300 [error] [benchmark_io 951] poll: Operation canceled
2016-12-29 20:37:38.116 +0300 [error] [benchmark_io 365] poll: Operation canceled
2016-12-29 20:37:38.116 +0300 [error] [benchmark_io 176] poll: Operation canceled
2016-12-29 20:37:38.116 +0300 [error] [benchmark_io 374] poll: Operation canceled
2016-12-29 20:37:38.116 +0300 [error] [benchmark_io 343] poll: Operation canceled
2016-12-29 20:37:38.116 +0300 [error] [benchmark_io 755] poll: Operation canceled
2016-12-29 20:37:38.116 +0300 [error] [benchmark_io 212] poll: Operation canceled
2016-12-29 20:37:38.116 +0300 [error] [benchmark_io 936] poll: Operation canceled
2016-12-29 20:37:38.116 +0300 [error] [benchmark_io 739] poll: Operation canceled
2016-12-29 20:37:38.116 +0300 [error] [benchmark_io 961] poll: Operation canceled
2016-12-29 20:37:38.116 +0300 [error] [benchmark_io 340] poll: Operation canceled
2016-12-29 20:37:38.116 +0300 [error] [benchmark_io 942] poll: Operation canceled
2016-12-29 20:37:38.121 +0300 [error] [benchmark_io 940] poll: Operation canceled
2016-12-29 20:37:38.121 +0300 [error] [benchmark_io 385] poll: Operation canceled
2016-12-29 20:37:38.121 +0300 [error] [benchmark_io 945] poll: Operation canceled
2016-12-29 20:37:38.121 +0300 [error] [benchmark_io 960] poll: Operation canceled
2016-12-29 20:37:38.121 +0300 [error] [benchmark_io 723] poll: Operation canceled
2016-12-29 20:37:38.121 +0300 [error] [benchmark_io 932] poll: Operation canceled
2016-12-29 20:37:38.122 +0300 [error] [benchmark_io 907] poll: Operation canceled
2016-12-29 20:37:38.122 +0300 [error] [benchmark_io 965] poll: Operation canceled
2016-12-29 20:37:38.122 +0300 [error] [benchmark_io 662] poll: Operation canceled
2016-12-29 20:37:38.122 +0300 [error] [benchmark_io 668] poll: Operation canceled
2016-12-29 20:37:38.122 +0300 [error] [benchmark_io 958] poll: Operation canceled
2016-12-29 20:37:38.122 +0300 [error] [benchmark_io 682] poll: Operation canceled
2016-12-29 20:37:38.122 +0300 [error] [benchmark_io 922] poll: Operation canceled
2016-12-29 20:37:38.122 +0300 [error] [benchmark_io 677] poll: Operation canceled
2016-12-29 20:37:38.122 +0300 [error] [benchmark_io 416] poll: Operation canceled
2016-12-29 20:37:38.122 +0300 [error] [benchmark_io 695] poll: Operation canceled
2016-12-29 20:37:38.123 +0300 [error] [benchmark_io 497] poll: Operation canceled
2016-12-29 20:37:38.123 +0300 [error] [benchmark_io 918] poll: Operation canceled
2016-12-29 20:37:38.123 +0300 [error] [benchmark_io 673] poll: Operation canceled
2016-12-29 20:37:38.123 +0300 [error] [benchmark_io 690] poll: Operation canceled
2016-12-29 20:37:38.124 +0300 [error] [benchmark_io 683] poll: Operation canceled
2016-12-29 20:37:38.125 +0300 [error] [benchmark_io 672] poll: Operation canceled
2016-12-29 20:37:38.125 +0300 [error] [benchmark_io 681] poll: Operation canceled
2016-12-29 20:37:38.125 +0300 [error] [benchmark_io 652] poll: Operation canceled
2016-12-29 20:37:38.125 +0300 [error] [benchmark_io 184] poll: Operation canceled
2016-12-29 20:37:38.125 +0300 [error] [benchmark_io 751] poll: Operation canceled
2016-12-29 20:37:38.125 +0300 [error] [benchmark_io 742] poll: Operation canceled
2016-12-29 20:37:38.125 +0300 [error] [benchmark_io 902] poll: Operation canceled
2016-12-29 20:37:38.125 +0300 [error] [benchmark_io 183] poll: Operation canceled
2016-12-29 20:37:38.125 +0300 [error] [benchmark_io 696] poll: Operation canceled
2016-12-29 20:37:38.125 +0300 [error] [benchmark_io 911] poll: Operation canceled
2016-12-29 20:37:38.125 +0300 [error] [benchmark_io 665] poll: Operation canceled
2016-12-29 20:37:38.125 +0300 [error] [benchmark_io 685] poll: Operation canceled
2016-12-29 20:37:38.126 +0300 [error] [benchmark_io 774] poll: Operation canceled
2016-12-29 20:37:38.126 +0300 [error] [benchmark_io 675] poll: Operation canceled
2016-12-29 20:37:38.126 +0300 [error] [benchmark_io 910] poll: Operation canceled
2016-12-29 20:37:38.126 +0300 [error] [benchmark_io 203] poll: Operation canceled
2016-12-29 20:37:38.128 +0300 [error] [benchmark_io 914] poll: Operation canceled
2016-12-29 20:37:38.128 +0300 [error] [benchmark_io 913] poll: Operation canceled
2016-12-29 20:37:38.128 +0300 [error] [benchmark_io 905] poll: Operation canceled
2016-12-29 20:37:38.128 +0300 [error] [benchmark_io 679] poll: Operation canceled
2016-12-29 20:37:38.128 +0300 [error] [benchmark_io 166] poll: Operation canceled
2016-12-29 20:37:38.128 +0300 [error] [benchmark_io 177] poll: Operation canceled
2016-12-29 20:37:38.129 +0300 [error] [benchmark_io 760] poll: Operation canceled
2016-12-29 20:37:38.129 +0300 [error] [benchmark_io 487] poll: Operation canceled
2016-12-29 20:37:38.129 +0300 [error] [benchmark_io 686] poll: Operation canceled
2016-12-29 20:37:38.129 +0300 [error] [benchmark_io 626] poll: Operation canceled
2016-12-29 20:37:38.129 +0300 [error] [benchmark_io 019] poll: Operation canceled
2016-12-29 20:37:38.129 +0300 [error] [benchmark_io 230] poll: Operation canceled
2016-12-29 20:37:38.129 +0300 [error] [benchmark_io 921] poll: Operation canceled
2016-12-29 20:37:38.129 +0300 [error] [benchmark_io 448] poll: Operation canceled
2016-12-29 20:37:38.129 +0300 [error] [benchmark_io 493] poll: Operation canceled
2016-12-29 20:37:38.129 +0300 [error] [benchmark_io 444] poll: Operation canceled
2016-12-29 20:37:38.129 +0300 [error] [benchmark_io 370] poll: Operation canceled
2016-12-29 20:37:38.129 +0300 [error] [benchmark_io 262] poll: Operation canceled
2016-12-29 20:37:38.129 +0300 [error] [benchmark_io 382] poll: Operation canceled
2016-12-29 20:37:38.130 +0300 [error] [benchmark_io 917] poll: Operation canceled
2016-12-29 20:37:38.130 +0300 [error] [benchmark_io 482] poll: Operation canceled
2016-12-29 20:37:38.130 +0300 [error] [benchmark_io 831] poll: Operation canceled
2016-12-29 20:37:38.130 +0300 [error] [benchmark_io 924] poll: Operation canceled
2016-12-29 20:37:38.130 +0300 [error] [benchmark_io 403] poll: Operation canceled
2016-12-29 20:37:38.130 +0300 [error] [benchmark_io 837] poll: Operation canceled
2016-12-29 20:37:38.130 +0300 [error] [benchmark_io 514] poll: Operation canceled
2016-12-29 20:37:38.130 +0300 [error] [benchmark_io 515] poll: Operation canceled
2016-12-29 20:37:38.130 +0300 [error] [benchmark_io 479] poll: Operation canceled
2016-12-29 20:37:38.130 +0300 [error] [benchmark_io 845] poll: Operation canceled
2016-12-29 20:37:38.130 +0300 [error] [benchmark_io 839] poll: Operation canceled
2016-12-29 20:37:38.130 +0300 [error] [benchmark_io 508] poll: Operation canceled
2016-12-29 20:37:38.131 +0300 [error] [benchmark_io 436] poll: Operation canceled
2016-12-29 20:37:38.131 +0300 [error] [benchmark_io 422] poll: Operation canceled
2016-12-29 20:37:38.131 +0300 [error] [benchmark_io 855] poll: Operation canceled
2016-12-29 20:37:38.131 +0300 [error] [benchmark_io 054] poll: Operation canceled
2016-12-29 20:37:38.131 +0300 [error] [benchmark_io 506] poll: Operation canceled
2016-12-29 20:37:38.133 +0300 [error] [benchmark_io 520] poll: Operation canceled
2016-12-29 20:37:38.133 +0300 [error] [benchmark_io 414] poll: Operation canceled
2016-12-29 20:37:38.133 +0300 [error] [benchmark_io 846] poll: Operation canceled
2016-12-29 20:37:38.133 +0300 [error] [benchmark_io 852] poll: Operation canceled
2016-12-29 20:37:38.133 +0300 [error] [benchmark_io 452] poll: Operation canceled
2016-12-29 20:37:38.134 +0300 [error] [benchmark_io 185] poll: Operation canceled
2016-12-29 20:37:38.134 +0300 [error] [benchmark_io 180] poll: Operation canceled
2016-12-29 20:37:38.134 +0300 [error] [benchmark_io 140] poll: Operation canceled
2016-12-29 20:37:38.134 +0300 [error] [benchmark_io 676] poll: Operation canceled
2016-12-29 20:37:38.134 +0300 [error] [benchmark_io 181] poll: Operation canceled
2016-12-29 20:37:38.134 +0300 [error] [benchmark_io 424] poll: Operation canceled
2016-12-29 20:37:38.134 +0300 [error] [benchmark_io 503] poll: Operation canceled
2016-12-29 20:37:38.135 +0300 [error] [benchmark_io 459] poll: Operation canceled
2016-12-29 20:37:38.135 +0300 [error] [benchmark_io 134] poll: Operation canceled
2016-12-29 20:37:38.135 +0300 [error] [benchmark_io 253] poll: Operation canceled
2016-12-29 20:37:38.135 +0300 [error] [benchmark_io 236] poll: Operation canceled
2016-12-29 20:37:38.135 +0300 [error] [benchmark_io 465] poll: Operation canceled
2016-12-29 20:37:38.135 +0300 [error] [benchmark_io 483] poll: Operation canceled
2016-12-29 20:37:38.136 +0300 [error] [benchmark_io 969] poll: Operation canceled
2016-12-29 20:37:38.136 +0300 [error] [benchmark_io 614] poll: Operation canceled
2016-12-29 20:37:38.137 +0300 [error] [benchmark_io 606] poll: Operation canceled
2016-12-29 20:37:38.137 +0300 [error] [benchmark_io 615] poll: Operation canceled
2016-12-29 20:37:38.137 +0300 [error] [benchmark_io 190] poll: Operation canceled
2016-12-29 20:37:38.138 +0300 [error] [benchmark_io 496] poll: Operation canceled
2016-12-29 20:37:38.138 +0300 [error] [benchmark_io 259] poll: Operation canceled
2016-12-29 20:37:38.138 +0300 [error] [benchmark_io 646] poll: Operation canceled
2016-12-29 20:37:38.138 +0300 [error] [benchmark_io 254] poll: Operation canceled
2016-12-29 20:37:38.138 +0300 [error] [benchmark_io 290] poll: Operation canceled
2016-12-29 20:37:38.138 +0300 [error] [benchmark_io 237] poll: Operation canceled
2016-12-29 20:37:38.139 +0300 [error] [benchmark_io 775] poll: Operation canceled
2016-12-29 20:37:38.139 +0300 [error] [benchmark_io 622] poll: Operation canceled
2016-12-29 20:37:38.139 +0300 [error] [benchmark_io 630] poll: Operation canceled
2016-12-29 20:37:38.139 +0300 [error] [benchmark_io 455] poll: Operation canceled
2016-12-29 20:37:38.139 +0300 [error] [benchmark_io 469] poll: Operation canceled
2016-12-29 20:37:38.139 +0300 [error] [benchmark_io 116] poll: Operation canceled
2016-12-29 20:37:38.139 +0300 [error] [benchmark_io 619] poll: Operation canceled
2016-12-29 20:37:38.140 +0300 [error] [benchmark_io 603] poll: Operation canceled
2016-12-29 20:37:38.140 +0300 [error] [benchmark_io 139] poll: Operation canceled
2016-12-29 20:37:38.140 +0300 [error] [benchmark_io 263] poll: Operation canceled
2016-12-29 20:37:38.140 +0300 [error] [benchmark_io 267] poll: Operation canceled
2016-12-29 20:37:38.140 +0300 [error] [benchmark_io 494] poll: Operation canceled
2016-12-29 20:37:38.140 +0300 [error] [benchmark_io 640] poll: Operation canceled
2016-12-29 20:37:38.141 +0300 [error] [benchmark_io 566] poll: Operation canceled
2016-12-29 20:37:38.141 +0300 [error] [benchmark_io 633] poll: Operation canceled
2016-12-29 20:37:38.141 +0300 [error] [benchmark_io 641] poll: Operation canceled
2016-12-29 20:37:38.141 +0300 [error] [benchmark_io 491] poll: Operation canceled
2016-12-29 20:37:38.141 +0300 [error] [benchmark_io 982] poll: Operation canceled
2016-12-29 20:37:38.141 +0300 [error] [benchmark_io 304] poll: Operation canceled
2016-12-29 20:37:38.142 +0300 [error] [benchmark_io 847] poll: Operation canceled
2016-12-29 20:37:38.142 +0300 [error] [benchmark_io 634] poll: Operation canceled
2016-12-29 20:37:38.142 +0300 [error] [benchmark_io 644] poll: Operation canceled
2016-12-29 20:37:38.142 +0300 [error] [benchmark_io 625] poll: Operation canceled
2016-12-29 20:37:38.142 +0300 [error] [benchmark_io 628] poll: Operation canceled
2016-12-29 20:37:38.142 +0300 [error] [benchmark_io 799] poll: Operation canceled
2016-12-29 20:37:38.142 +0300 [error] [benchmark_io 427] poll: Operation canceled
2016-12-29 20:37:38.143 +0300 [error] [benchmark_io 795] poll: Operation canceled
2016-12-29 20:37:38.143 +0300 [error] [benchmark_io 865] poll: Operation canceled
2016-12-29 20:37:38.143 +0300 [error] [phantom_logger] bq_sleep: Operation canceled
2016-12-29 20:37:38.143 +0300 [error] [benchmark_io stream_method brief_logger] bq_sleep: Operation canceled
2016-12-29 20:37:38.143 +0300 [error] [monitor_io] bq_sleep: Operation canceled
2016-12-29 20:37:38.143 +0300 [error] [benchmark_io 959] poll: Operation canceled
2016-12-29 20:37:38.143 +0300 [error] [benchmark_io 022] poll: Operation canceled
2016-12-29 20:37:38.143 +0300 [error] [benchmark_io 565] poll: Operation canceled
2016-12-29 20:37:38.144 +0300 [error] [benchmark_io 992] poll: Operation canceled
2016-12-29 20:37:38.144 +0300 [error] [benchmark_io 363] poll: Operation canceled
2016-12-29 20:37:38.144 +0300 [error] [benchmark_io 797] poll: Operation canceled
2016-12-29 20:37:38.144 +0300 [error] [benchmark_io 906] poll: Operation canceled
2016-12-29 20:37:38.144 +0300 [error] [benchmark_io 012] poll: Operation canceled
2016-12-29 20:37:38.144 +0300 [error] [benchmark_io 021] poll: Operation canceled
2016-12-29 20:37:38.144 +0300 [error] [benchmark_io 925] poll: Operation canceled
2016-12-29 20:37:38.144 +0300 [error] [benchmark_io 890] poll: Operation canceled
2016-12-29 20:37:38.145 +0300 [error] [benchmark_io 612] poll: Operation canceled
2016-12-29 20:37:38.145 +0300 [error] [benchmark_io 201] poll: Operation canceled
2016-12-29 20:37:38.145 +0300 [error] [benchmark_io 727] poll: Operation canceled
2016-12-29 20:37:38.146 +0300 [error] [benchmark_io 833] poll: Operation canceled
2016-12-29 20:37:38.146 +0300 [error] [benchmark_io 104] poll: Operation canceled
2016-12-29 20:37:38.146 +0300 [error] [benchmark_io 473] poll: Operation canceled
2016-12-29 20:37:38.146 +0300 [error] [benchmark_io 874] poll: Operation canceled
2016-12-29 20:37:38.146 +0300 [error] [benchmark_io 478] poll: Operation canceled
2016-12-29 20:37:38.146 +0300 [error] [benchmark_io 412] poll: Operation canceled
2016-12-29 20:37:38.146 +0300 [error] [benchmark_io 765] poll: Operation canceled
2016-12-29 20:37:38.147 +0300 [error] [benchmark_io 647] poll: Operation canceled
2016-12-29 20:37:38.147 +0300 [error] [benchmark_io 471] poll: Operation canceled
2016-12-29 20:37:38.147 +0300 [error] [benchmark_io 463] poll: Operation canceled
2016-12-29 20:37:38.147 +0300 [error] [benchmark_io 784] poll: Operation canceled
2016-12-29 20:37:38.147 +0300 [error] [benchmark_io 505] poll: Operation canceled
2016-12-29 20:37:38.147 +0300 [error] [benchmark_io 170] poll: Operation canceled
2016-12-29 20:37:38.147 +0300 [error] [benchmark_io 249] poll: Operation canceled
2016-12-29 20:37:38.147 +0300 [error] [benchmark_io 349] poll: Operation canceled
2016-12-29 20:37:38.147 +0300 [error] [benchmark_io 658] poll: Operation canceled
2016-12-29 20:37:38.147 +0300 [error] [benchmark_io 388] poll: Operation canceled
2016-12-29 20:37:38.148 +0300 [error] [benchmark_io 344] poll: Operation canceled
2016-12-29 20:37:38.148 +0300 [error] [benchmark_io 425] poll: Operation canceled
2016-12-29 20:37:38.148 +0300 [error] [benchmark_io 862] poll: Operation canceled
2016-12-29 20:37:38.148 +0300 [error] [benchmark_io 999] poll: Operation canceled
2016-12-29 20:37:38.148 +0300 [error] [benchmark_io 010] poll: Operation canceled
2016-12-29 20:37:38.148 +0300 [error] [benchmark_io 418] poll: Operation canceled
2016-12-29 20:37:38.149 +0300 [error] [benchmark_io 309] connect: Operation canceled
2016-12-29 20:37:38.150 +0300 [error] [benchmark_io 629] connect: Operation canceled
2016-12-29 20:37:38.150 +0300 [error] [benchmark_io 158] connect: Operation canceled
2016-12-29 20:37:38.150 +0300 [error] [benchmark_io 063] connect: Operation canceled
2016-12-29 20:37:38.150 +0300 [error] [benchmark_io 994] connect: Operation canceled
2016-12-29 20:37:38.150 +0300 [error] [benchmark_io 241] connect: Operation canceled
2016-12-29 20:37:38.151 +0300 [error] [benchmark_io 763] connect: Operation canceled
2016-12-29 20:37:38.151 +0300 [error] [benchmark_io 867] connect: Operation canceled
2016-12-29 20:37:38.151 +0300 [error] [benchmark_io 015] connect: Operation canceled
2016-12-29 20:37:38.151 +0300 [error] [benchmark_io 199] connect: Operation canceled
2016-12-29 20:37:38.151 +0300 [error] [benchmark_io 791] connect: Operation canceled
2016-12-29 20:37:38.151 +0300 [error] [benchmark_io 809] connect: Operation canceled
2016-12-29 20:37:38.152 +0300 [error] [benchmark_io 967] connect: Operation canceled
2016-12-29 20:37:38.152 +0300 [error] [benchmark_io 956] connect: Operation canceled
2016-12-29 20:37:38.152 +0300 [error] [benchmark_io 927] connect: Operation canceled
2016-12-29 20:37:38.152 +0300 [error] [benchmark_io 150] connect: Operation canceled
2016-12-29 20:37:38.152 +0300 [error] [benchmark_io 955] connect: Operation canceled
2016-12-29 20:37:38.152 +0300 [error] [benchmark_io 970] connect: Operation canceled
2016-12-29 20:37:38.152 +0300 [error] [benchmark_io 392] connect: Operation canceled
2016-12-29 20:37:38.152 +0300 [error] [benchmark_io 376] connect: Operation canceled
2016-12-29 20:37:38.152 +0300 [error] [benchmark_io 639] connect: Operation canceled
2016-12-29 20:37:38.152 +0300 [error] [benchmark_io 545] connect: Operation canceled
2016-12-29 20:37:38.152 +0300 [error] [benchmark_io 607] connect: Operation canceled
2016-12-29 20:37:38.153 +0300 [error] [benchmark_io 851] connect: Operation canceled
2016-12-29 20:37:38.153 +0300 [error] [benchmark_io 163] connect: Operation canceled
2016-12-29 20:37:38.153 +0300 [error] [benchmark_io 326] connect: Operation canceled
2016-12-29 20:37:38.153 +0300 [error] [benchmark_io 384] connect: Operation canceled
2016-12-29 20:37:38.153 +0300 [error] [benchmark_io 451] connect: Operation canceled
2016-12-29 20:37:38.153 +0300 [error] [benchmark_io 356] connect: Operation canceled
2016-12-29 20:37:38.153 +0300 [error] [benchmark_io 804] connect: Operation canceled
2016-12-29 20:37:38.153 +0300 [error] [benchmark_io 897] connect: Operation canceled
2016-12-29 20:37:38.153 +0300 [error] [benchmark_io 381] connect: Operation canceled
2016-12-29 20:37:38.153 +0300 [error] [benchmark_io 339] connect: Operation canceled
2016-12-29 20:37:38.153 +0300 [error] [benchmark_io 327] connect: Operation canceled
2016-12-29 20:37:38.153 +0300 [error] [benchmark_io 406] connect: Operation canceled
2016-12-29 20:37:38.154 +0300 [error] [benchmark_io 121] connect: Operation canceled
2016-12-29 20:37:38.154 +0300 [error] [benchmark_io 849] connect: Operation canceled
2016-12-29 20:37:38.154 +0300 [error] [benchmark_io 973] connect: Operation canceled
2016-12-29 20:37:38.154 +0300 [error] [benchmark_io 892] connect: Operation canceled
2016-12-29 20:37:38.154 +0300 [error] [benchmark_io 044] connect: Operation canceled
2016-12-29 20:37:38.154 +0300 [error] [benchmark_io 987] connect: Operation canceled
2016-12-29 20:37:38.154 +0300 [error] [benchmark_io 409] connect: Operation canceled
2016-12-29 20:37:38.154 +0300 [error] [benchmark_io 609] connect: Operation canceled
2016-12-29 20:37:38.154 +0300 [error] [benchmark_io 631] connect: Operation canceled
2016-12-29 20:37:38.154 +0300 [error] [benchmark_io 517] connect: Operation canceled
2016-12-29 20:37:38.154 +0300 [error] [benchmark_io 498] connect: Operation canceled
2016-12-29 20:37:38.154 +0300 [error] [benchmark_io 704] connect: Operation canceled
2016-12-29 20:37:38.154 +0300 [error] [benchmark_io 783] connect: Operation canceled
2016-12-29 20:37:38.155 +0300 [error] [benchmark_io 844] connect: Operation canceled
2016-12-29 20:37:38.155 +0300 [error] [benchmark_io 472] connect: Operation canceled
2016-12-29 20:37:38.155 +0300 [error] [benchmark_io 800] connect: Operation canceled
2016-12-29 20:37:38.155 +0300 [error] [benchmark_io 504] connect: Operation canceled
2016-12-29 20:37:38.155 +0300 [error] [benchmark_io 689] connect: Operation canceled
2016-12-29 20:37:38.155 +0300 [error] [benchmark_io 916] connect: Operation canceled
2016-12-29 20:37:38.155 +0300 [error] [benchmark_io 074] connect: Operation canceled
2016-12-29 20:37:38.155 +0300 [error] [benchmark_io 519] connect: Operation canceled
2016-12-29 20:37:38.155 +0300 [error] [benchmark_io 016] connect: Operation canceled
2016-12-29 20:37:38.155 +0300 [error] [benchmark_io 129] connect: Operation canceled
2016-12-29 20:37:38.155 +0300 [error] [benchmark_io 093] connect: Operation canceled
2016-12-29 20:37:38.155 +0300 [error] [benchmark_io 998] connect: Operation canceled
2016-12-29 20:37:38.155 +0300 [error] [benchmark_io 610] connect: Operation canceled
2016-12-29 20:37:38.156 +0300 [error] [benchmark_io 334] connect: Operation canceled
2016-12-29 20:37:38.156 +0300 [error] [benchmark_io 985] connect: Operation canceled
2016-12-29 20:37:38.156 +0300 [error] [benchmark_io 702] connect: Operation canceled
2016-12-29 20:37:38.156 +0300 [error] [benchmark_io 137] connect: Operation canceled
2016-12-29 20:37:38.156 +0300 [error] [benchmark_io 481] connect: Operation canceled
2016-12-29 20:37:38.156 +0300 [error] [benchmark_io 694] connect: Operation canceled
2016-12-29 20:37:38.156 +0300 [error] [benchmark_io 708] connect: Operation canceled
2016-12-29 20:37:38.156 +0300 [error] [benchmark_io 870] connect: Operation canceled
2016-12-29 20:37:38.156 +0300 [error] [benchmark_io 433] connect: Operation canceled
2016-12-29 20:37:38.156 +0300 [error] [benchmark_io 785] connect: Operation canceled
2016-12-29 20:37:38.156 +0300 [error] [benchmark_io 604] connect: Operation canceled
2016-12-29 20:37:38.156 +0300 [error] [benchmark_io 476] connect: Operation canceled
2016-12-29 20:37:38.156 +0300 [error] [benchmark_io 886] connect: Operation canceled
2016-12-29 20:37:38.157 +0300 [error] [benchmark_io 872] connect: Operation canceled
2016-12-29 20:37:38.157 +0300 [error] [benchmark_io 172] connect: Operation canceled
2016-12-29 20:37:38.157 +0300 [error] [benchmark_io 526] connect: Operation canceled
2016-12-29 20:37:38.157 +0300 [error] [benchmark_io 670] connect: Operation canceled
2016-12-29 20:37:38.157 +0300 [error] [benchmark_io 536] connect: Operation canceled
2016-12-29 20:37:38.157 +0300 [error] [benchmark_io 288] connect: Operation canceled
2016-12-29 20:37:38.157 +0300 [error] [benchmark_io 248] connect: Operation canceled
2016-12-29 20:37:38.157 +0300 [error] [benchmark_io 821] connect: Operation canceled
2016-12-29 20:37:38.157 +0300 [error] [benchmark_io 034] connect: Operation canceled
2016-12-29 20:37:38.157 +0300 [error] [benchmark_io 598] connect: Operation canceled
2016-12-29 20:37:38.157 +0300 [error] [benchmark_io 273] connect: Operation canceled
2016-12-29 20:37:38.157 +0300 [error] [benchmark_io 011] connect: Operation canceled
2016-12-29 20:37:38.158 +0300 [error] [benchmark_io 421] connect: Operation canceled
2016-12-29 20:37:38.158 +0300 [error] [benchmark_io 771] connect: Operation canceled
2016-12-29 20:37:38.158 +0300 [error] [benchmark_io 231] connect: Operation canceled
2016-12-29 20:37:38.158 +0300 [error] [benchmark_io 147] connect: Operation canceled
2016-12-29 20:37:38.158 +0300 [error] [benchmark_io 711] connect: Operation canceled
2016-12-29 20:37:38.158 +0300 [error] [benchmark_io 933] poll: Operation canceled
2016-12-29 20:37:38.158 +0300 [error] [benchmark_io 049] poll: Operation canceled
2016-12-29 20:37:38.158 +0300 [error] [benchmark_io 941] poll: Operation canceled
2016-12-29 20:37:38.158 +0300 [error] [benchmark_io 952] poll: Operation canceled
2016-12-29 20:37:38.159 +0300 [error] [benchmark_io 518] poll: Operation canceled
2016-12-29 20:37:38.159 +0300 [error] [benchmark_io 898] poll: Operation canceled
2016-12-29 20:37:38.159 +0300 [error] [benchmark_io 243] poll: Operation canceled
2016-12-29 20:37:38.159 +0300 [error] [benchmark_io 464] poll: Operation canceled
2016-12-29 20:37:38.160 +0300 [error] [benchmark_io 439] poll: Operation canceled
2016-12-29 20:37:38.160 +0300 [error] [benchmark_io 671] poll: Operation canceled
2016-12-29 20:37:38.160 +0300 [error] [benchmark_io 135] poll: Operation canceled
2016-12-29 20:37:38.160 +0300 [error] [benchmark_io 318] poll: Operation canceled
2016-12-29 20:37:38.160 +0300 [error] [benchmark_io 733] poll: Operation canceled
2016-12-29 20:37:38.161 +0300 [error] [benchmark_io 319] connect: Operation canceled
2016-12-29 20:37:38.161 +0300 [error] [benchmark_io 756] connect: Operation canceled
2016-12-29 20:37:38.161 +0300 [error] [benchmark_io 764] connect: Operation canceled
2016-12-29 20:37:38.161 +0300 [error] [benchmark_io 330] connect: Operation canceled
2016-12-29 20:37:38.161 +0300 [error] [benchmark_io 978] connect: Operation canceled
2016-12-29 20:37:38.161 +0300 [error] [benchmark_io 720] connect: Operation canceled
2016-12-29 20:37:38.161 +0300 [error] [benchmark_io 741] connect: Operation canceled
2016-12-29 20:37:38.161 +0300 [error] [benchmark_io 840] connect: Operation canceled
2016-12-29 20:37:38.161 +0300 [error] [benchmark_io 118] connect: Operation canceled
2016-12-29 20:37:38.161 +0300 [error] [benchmark_io 725] connect: Operation canceled
2016-12-29 20:37:38.161 +0300 [error] [benchmark_io 441] connect: Operation canceled
2016-12-29 20:37:38.162 +0300 [error] [benchmark_io 227] poll: Operation canceled
2016-12-29 20:37:38.162 +0300 [error] [benchmark_io 091] poll: Operation canceled
2016-12-29 20:37:38.162 +0300 [error] [benchmark_io 684] poll: Operation canceled
2016-12-29 20:37:38.162 +0300 [error] [benchmark_io 893] poll: Operation canceled
2016-12-29 20:37:38.162 +0300 [error] [benchmark_io 077] poll: Operation canceled
2016-12-29 20:37:38.162 +0300 [error] [benchmark_io 189] poll: Operation canceled
2016-12-29 20:37:38.162 +0300 [error] [benchmark_io 119] poll: Operation canceled
2016-12-29 20:37:38.162 +0300 [error] [benchmark_io 193] connect: Operation canceled
2016-12-29 20:37:38.163 +0300 [error] [benchmark_io 986] connect: Operation canceled
2016-12-29 20:37:38.163 +0300 [error] [benchmark_io 534] connect: Operation canceled
2016-12-29 20:37:38.163 +0300 [error] [benchmark_io 286] connect: Operation canceled
2016-12-29 20:37:38.163 +0300 [error] [benchmark_io 039] connect: Operation canceled
2016-12-29 20:37:38.163 +0300 [error] [benchmark_io 188] connect: Operation canceled
2016-12-29 20:37:38.163 +0300 [error] [benchmark_io 053] connect: Operation canceled
2016-12-29 20:37:38.163 +0300 [error] [benchmark_io 232] connect: Operation canceled
2016-12-29 20:37:38.163 +0300 [error] [benchmark_io 058] connect: Operation canceled
2016-12-29 20:37:38.163 +0300 [error] [benchmark_io 915] poll: Operation canceled
2016-12-29 20:37:38.163 +0300 [error] [benchmark_io 305] poll: Operation canceled
2016-12-29 20:37:38.163 +0300 [error] [benchmark_io 462] poll: Operation canceled
2016-12-29 20:37:38.164 +0300 [error] [benchmark_io 929] poll: Operation canceled
2016-12-29 20:37:38.164 +0300 [error] [benchmark_io 836] poll: Operation canceled
2016-12-29 20:37:38.164 +0300 [error] [benchmark_io 529] poll: Operation canceled
2016-12-29 20:37:38.164 +0300 [error] [benchmark_io 772] poll: Operation canceled
2016-12-29 20:37:38.164 +0300 [error] [benchmark_io 298] poll: Operation canceled
2016-12-29 20:37:38.164 +0300 [error] [benchmark_io 142] poll: Operation canceled
2016-12-29 20:37:38.164 +0300 [error] [benchmark_io 807] connect: Operation canceled
2016-12-29 20:37:38.164 +0300 [error] [benchmark_io 386] connect: Operation canceled
2016-12-29 20:37:38.164 +0300 [error] [benchmark_io 900] connect: Operation canceled
2016-12-29 20:37:38.165 +0300 [error] [benchmark_io 568] connect: Operation canceled
2016-12-29 20:37:38.165 +0300 [error] [benchmark_io 373] poll: Operation canceled
2016-12-29 20:37:38.165 +0300 [error] [benchmark_io 819] poll: Operation canceled
2016-12-29 20:37:38.165 +0300 [error] [benchmark_io 347] poll: Operation canceled
2016-12-29 20:37:38.165 +0300 [error] [benchmark_io 174] poll: Operation canceled
2016-12-29 20:37:38.166 +0300 [error] [benchmark_io 894] poll: Operation canceled
2016-12-29 20:37:38.166 +0300 [error] [benchmark_io 194] poll: Operation canceled
2016-12-29 20:37:38.166 +0300 [error] [benchmark_io 861] poll: Operation canceled
2016-12-29 20:37:38.166 +0300 [error] [benchmark_io 454] poll: Operation canceled
2016-12-29 20:37:38.166 +0300 [error] [benchmark_io 767] poll: Operation canceled
2016-12-29 20:37:38.166 +0300 [error] [benchmark_io 950] poll: Operation canceled
2016-12-29 20:37:38.166 +0300 [error] [benchmark_io 600] poll: Operation canceled
2016-12-29 20:37:38.167 +0300 [error] [benchmark_io 608] poll: Operation canceled
2016-12-29 20:37:38.167 +0300 [error] [benchmark_io 748] poll: Operation canceled
2016-12-29 20:37:38.167 +0300 [error] [benchmark_io 145] poll: Operation canceled
2016-12-29 20:37:38.167 +0300 [error] [benchmark_io 721] poll: Operation canceled
2016-12-29 20:37:38.167 +0300 [error] [benchmark_io 666] poll: Operation canceled
2016-12-29 20:37:38.168 +0300 [error] [benchmark_io 645] poll: Operation canceled
2016-12-29 20:37:38.168 +0300 [error] [benchmark_io 667] poll: Operation canceled
2016-12-29 20:37:38.168 +0300 [error] [benchmark_io 584] poll: Operation canceled
2016-12-29 20:37:38.169 +0300 [error] [benchmark_io 379] connect: Operation canceled
2016-12-29 20:37:38.169 +0300 [error] [benchmark_io 359] connect: Operation canceled
2016-12-29 20:37:38.169 +0300 [error] [benchmark_io 218] connect: Operation canceled
2016-12-29 20:37:38.169 +0300 [error] [benchmark_io 187] connect: Operation canceled
2016-12-29 20:37:38.169 +0300 [error] [benchmark_io 991] connect: Operation canceled
2016-12-29 20:37:38.169 +0300 [error] [benchmark_io 407] connect: Operation canceled
2016-12-29 20:37:38.169 +0300 [error] [benchmark_io 192] connect: Operation canceled
2016-12-29 20:37:38.169 +0300 [error] [benchmark_io 419] connect: Operation canceled
2016-12-29 20:37:38.170 +0300 [error] [benchmark_io 202] connect: Operation canceled
2016-12-29 20:37:38.170 +0300 [error] [benchmark_io 495] connect: Operation canceled
2016-12-29 20:37:38.170 +0300 [error] [benchmark_io 413] connect: Operation canceled
2016-12-29 20:37:38.170 +0300 [error] [benchmark_io 976] connect: Operation canceled
2016-12-29 20:37:38.170 +0300 [error] [benchmark_io 561] connect: Operation canceled
2016-12-29 20:37:38.170 +0300 [error] [benchmark_io 553] connect: Operation canceled
2016-12-29 20:37:38.170 +0300 [error] [benchmark_io 586] connect: Operation canceled
2016-12-29 20:37:38.170 +0300 [error] [benchmark_io 643] connect: Operation canceled
2016-12-29 20:37:38.170 +0300 [error] [benchmark_io 567] connect: Operation canceled
2016-12-29 20:37:38.170 +0300 [error] [benchmark_io 592] connect: Operation canceled
2016-12-29 20:37:38.170 +0300 [error] [benchmark_io 247] connect: Operation canceled
2016-12-29 20:37:38.171 +0300 [error] [benchmark_io 580] connect: Operation canceled
2016-12-29 20:37:38.171 +0300 [error] [benchmark_io 555] connect: Operation canceled
2016-12-29 20:37:38.171 +0300 [error] [benchmark_io 512] connect: Operation canceled
2016-12-29 20:37:38.171 +0300 [error] [benchmark_io 990] connect: Operation canceled
2016-12-29 20:37:38.171 +0300 [error] [benchmark_io 768] connect: Operation canceled
2016-12-29 20:37:38.171 +0300 [error] [benchmark_io 396] connect: Operation canceled
2016-12-29 20:37:38.171 +0300 [error] [benchmark_io 590] connect: Operation canceled
2016-12-29 20:37:38.172 +0300 [error] [benchmark_io 523] connect: Operation canceled
2016-12-29 20:37:38.172 +0300 [error] [benchmark_io 206] connect: Operation canceled
2016-12-29 20:37:38.172 +0300 [error] [benchmark_io 930] connect: Operation canceled
2016-12-29 20:37:38.172 +0300 [error] [benchmark_io 876] connect: Operation canceled
2016-12-29 20:37:38.172 +0300 [error] [benchmark_io 868] connect: Operation canceled
2016-12-29 20:37:38.172 +0300 [error] [benchmark_io 443] connect: Operation canceled
2016-12-29 20:37:38.172 +0300 [error] [benchmark_io 551] connect: Operation canceled
2016-12-29 20:37:38.172 +0300 [error] [benchmark_io 744] connect: Operation canceled
2016-12-29 20:37:38.172 +0300 [error] [benchmark_io 693] connect: Operation canceled
2016-12-29 20:37:38.172 +0300 [error] [benchmark_io 674] connect: Operation canceled
2016-12-29 20:37:38.172 +0300 [error] [benchmark_io 757] connect: Operation canceled
2016-12-29 20:37:38.172 +0300 [error] [benchmark_io 352] connect: Operation canceled
2016-12-29 20:37:38.172 +0300 [error] [benchmark_io 033] connect: Operation canceled
2016-12-29 20:37:38.173 +0300 [error] [benchmark_io 776] connect: Operation canceled
2016-12-29 20:37:38.173 +0300 [error] [benchmark_io 576] connect: Operation canceled
2016-12-29 20:37:38.173 +0300 [error] [benchmark_io 541] connect: Operation canceled
2016-12-29 20:37:38.173 +0300 [error] [benchmark_io 132] connect: Operation canceled
2016-12-29 20:37:38.173 +0300 [error] [benchmark_io 008] poll: Operation canceled
2016-12-29 20:37:38.173 +0300 [error] [benchmark_io 782] poll: Operation canceled
2016-12-29 20:37:38.173 +0300 [error] [benchmark_io 923] poll: Operation canceled
2016-12-29 20:37:38.173 +0300 [error] [benchmark_io 611] poll: Operation canceled
2016-12-29 20:37:38.173 +0300 [error] [benchmark_io 429] poll: Operation canceled
2016-12-29 20:37:38.173 +0300 [error] [benchmark_io 073] poll: Operation canceled
2016-12-29 20:37:38.174 +0300 [error] [benchmark_io 136] poll: Operation canceled
2016-12-29 20:37:38.174 +0300 [error] [benchmark_io 123] poll: Operation canceled
2016-12-29 20:37:38.174 +0300 [error] [benchmark_io 197] poll: Operation canceled
2016-12-29 20:37:38.174 +0300 [error] [benchmark_io 141] poll: Operation canceled
2016-12-29 20:37:38.174 +0300 [error] [benchmark_io 219] poll: Operation canceled
2016-12-29 20:37:38.174 +0300 [error] [benchmark_io 068] poll: Operation canceled
2016-12-29 20:37:38.175 +0300 [error] [benchmark_io 997] poll: Operation canceled
2016-12-29 20:37:38.175 +0300 [error] [benchmark_io 417] poll: Operation canceled
2016-12-29 20:37:38.175 +0300 [error] [benchmark_io 371] poll: Operation canceled
2016-12-29 20:37:38.175 +0300 [error] [benchmark_io 449] poll: Operation canceled
2016-12-29 20:37:38.175 +0300 [error] [benchmark_io 038] poll: Operation canceled
2016-12-29 20:37:38.175 +0300 [error] [benchmark_io 209] poll: Operation canceled
2016-12-29 20:37:38.175 +0300 [error] [benchmark_io 061] poll: Operation canceled
2016-12-29 20:37:38.176 +0300 [error] [benchmark_io 024] poll: Operation canceled
2016-12-29 20:37:38.176 +0300 [error] [benchmark_io 025] poll: Operation canceled
2016-12-29 20:37:38.177 +0300 [error] [benchmark_io 238] poll: Operation canceled
2016-12-29 20:37:38.177 +0300 [error] [benchmark_io 211] poll: Operation canceled
2016-12-29 20:37:38.177 +0300 [error] [benchmark_io 057] poll: Operation canceled
2016-12-29 20:37:38.177 +0300 [error] [benchmark_io 358] poll: Operation canceled
2016-12-29 20:37:38.178 +0300 [error] [benchmark_io 043] poll: Operation canceled
2016-12-29 20:37:38.178 +0300 [error] [benchmark_io 035] poll: Operation canceled
2016-12-29 20:37:38.178 +0300 [error] [benchmark_io 066] poll: Operation canceled
2016-12-29 20:37:38.178 +0300 [error] [benchmark_io 070] poll: Operation canceled
2016-12-29 20:37:38.178 +0300 [error] [benchmark_io 167] poll: Operation canceled
2016-12-29 20:37:38.178 +0300 [error] [benchmark_io 220] poll: Operation canceled
2016-12-29 20:37:38.178 +0300 [error] [benchmark_io 065] poll: Operation canceled
2016-12-29 20:37:38.179 +0300 [error] [benchmark_io 071] poll: Operation canceled
2016-12-29 20:37:38.179 +0300 [error] [benchmark_io 067] poll: Operation canceled
2016-12-29 20:37:38.179 +0300 [error] [benchmark_io 036] poll: Operation canceled
2016-12-29 20:37:38.179 +0300 [error] [benchmark_io 402] poll: Operation canceled
2016-12-29 20:37:38.179 +0300 [error] [benchmark_io 810] poll: Operation canceled
2016-12-29 20:37:38.180 +0300 [error] [benchmark_io 963] poll: Operation canceled
2016-12-29 20:37:38.180 +0300 [error] [benchmark_io 179] poll: Operation canceled
2016-12-29 20:37:38.180 +0300 [error] [benchmark_io 018] poll: Operation canceled
2016-12-29 20:37:38.180 +0300 [error] [benchmark_io 005] poll: Operation canceled
2016-12-29 20:37:38.180 +0300 [error] [benchmark_io 196] poll: Operation canceled
2016-12-29 20:37:38.180 +0300 [error] [benchmark_io 499] poll: Operation canceled
2016-12-29 20:37:38.181 +0300 [error] [benchmark_io 271] poll: Operation canceled
2016-12-29 20:37:38.181 +0300 [error] [benchmark_io 088] poll: Operation canceled
2016-12-29 20:37:38.181 +0300 [error] [benchmark_io 595] poll: Operation canceled
2016-12-29 20:37:38.181 +0300 [error] [benchmark_io 593] poll: Operation canceled
2016-12-29 20:37:38.181 +0300 [error] [benchmark_io 773] poll: Operation canceled
2016-12-29 20:37:38.181 +0300 [error] [benchmark_io 698] poll: Operation canceled
2016-12-29 20:37:38.182 +0300 [error] [benchmark_io 284] poll: Operation canceled
2016-12-29 20:37:38.182 +0300 [error] [benchmark_io 511] poll: Operation canceled
2016-12-29 20:37:38.182 +0300 [error] [benchmark_io 881] poll: Operation canceled
2016-12-29 20:37:38.182 +0300 [error] [benchmark_io 838] poll: Operation canceled
2016-12-29 20:37:38.182 +0300 [error] [benchmark_io 114] poll: Operation canceled
2016-12-29 20:37:38.182 +0300 [error] [benchmark_io 345] poll: Operation canceled
2016-12-29 20:37:38.183 +0300 [error] [benchmark_io 014] poll: Operation canceled
2016-12-29 20:37:38.183 +0300 [error] [benchmark_io 162] poll: Operation canceled
2016-12-29 20:37:38.183 +0300 [error] [benchmark_io 251] poll: Operation canceled
2016-12-29 20:37:38.183 +0300 [error] [benchmark_io 275] poll: Operation canceled
2016-12-29 20:37:38.183 +0300 [error] [benchmark_io 934] poll: Operation canceled
2016-12-29 20:37:38.184 +0300 [error] [benchmark_io 258] poll: Operation canceled
2016-12-29 20:37:38.184 +0300 [error] [benchmark_io 524] poll: Operation canceled
2016-12-29 20:37:38.184 +0300 [error] [benchmark_io 287] poll: Operation canceled
2016-12-29 20:37:38.184 +0300 [error] [benchmark_io 102] poll: Operation canceled
2016-12-29 20:37:38.184 +0300 [error] [benchmark_io 513] poll: Operation canceled
2016-12-29 20:37:38.184 +0300 [error] [benchmark_io 277] poll: Operation canceled
2016-12-29 20:37:38.184 +0300 [error] [benchmark_io 931] poll: Operation canceled
2016-12-29 20:37:38.185 +0300 [error] [benchmark_io 944] poll: Operation canceled
2016-12-29 20:37:38.186 +0300 [error] [benchmark_io 321] poll: Operation canceled
2016-12-29 20:37:38.186 +0300 [error] [benchmark_io 346] poll: Operation canceled
2016-12-29 20:37:38.186 +0300 [error] [benchmark_io 127] poll: Operation canceled
2016-12-29 20:37:38.186 +0300 [error] [benchmark_io 312] poll: Operation canceled
2016-12-29 20:37:38.186 +0300 [error] [benchmark_io 320] poll: Operation canceled
2016-12-29 20:37:38.187 +0300 [error] [benchmark_io 714] poll: Operation canceled
2016-12-29 20:37:38.187 +0300 [error] [benchmark_io 030] poll: Operation canceled
2016-12-29 20:37:38.187 +0300 [error] [benchmark_io 310] poll: Operation canceled
2016-12-29 20:37:38.187 +0300 [error] [benchmark_io 571] poll: Operation canceled
2016-12-29 20:37:38.187 +0300 [error] [benchmark_io 854] poll: Operation canceled
2016-12-29 20:37:38.187 +0300 [error] [benchmark_io 435] poll: Operation canceled
2016-12-29 20:37:38.188 +0300 [error] [benchmark_io 989] poll: Operation canceled
2016-12-29 20:37:38.188 +0300 [error] [benchmark_io 864] poll: Operation canceled
2016-12-29 20:37:38.188 +0300 [error] [benchmark_io 715] poll: Operation canceled
2016-12-29 20:37:38.188 +0300 [error] [benchmark_io 823] poll: Operation canceled
2016-12-29 20:37:38.188 +0300 [error] [benchmark_io 979] poll: Operation canceled
2016-12-29 20:37:38.188 +0300 [error] [benchmark_io 974] poll: Operation canceled
2016-12-29 20:37:38.189 +0300 [error] [benchmark_io 109] poll: Operation canceled
2016-12-29 20:37:38.189 +0300 [error] [benchmark_io 208] poll: Operation canceled
2016-12-29 20:37:38.189 +0300 [error] [benchmark_io 047] poll: Operation canceled
2016-12-29 20:37:38.189 +0300 [error] [benchmark_io 041] poll: Operation canceled
2016-12-29 20:37:38.189 +0300 [error] [benchmark_io 735] poll: Operation canceled
2016-12-29 20:37:38.189 +0300 [error] [benchmark_io 489] poll: Operation canceled
2016-12-29 20:37:38.190 +0300 [error] [benchmark_io 904] poll: Operation canceled
2016-12-29 20:37:38.190 +0300 [error] [benchmark_io 204] poll: Operation canceled
2016-12-29 20:37:38.190 +0300 [error] [benchmark_io 335] poll: Operation canceled
2016-12-29 20:37:38.190 +0300 [error] [benchmark_io 342] poll: Operation canceled
2016-12-29 20:37:38.191 +0300 [error] [benchmark_io 348] poll: Operation canceled
2016-12-29 20:37:38.191 +0300 [error] [benchmark_io 175] poll: Operation canceled
2016-12-29 20:37:38.191 +0300 [error] [benchmark_io 687] poll: Operation canceled
2016-12-29 20:37:38.191 +0300 [error] [benchmark_io 027] poll: Operation canceled
2016-12-29 20:37:38.191 +0300 [error] [benchmark_io 594] poll: Operation canceled
2016-12-29 20:37:38.191 +0300 [error] [benchmark_io 877] poll: Operation canceled
2016-12-29 20:37:38.192 +0300 [error] [benchmark_io 817] poll: Operation canceled
2016-12-29 20:37:38.192 +0300 [error] [benchmark_io 151] poll: Operation canceled
2016-12-29 20:37:38.192 +0300 [error] [benchmark_io 037] poll: Operation canceled
2016-12-29 20:37:38.192 +0300 [error] [benchmark_io 023] poll: Operation canceled
2016-12-29 20:37:38.192 +0300 [error] [benchmark_io 440] poll: Operation canceled
2016-12-29 20:37:38.192 +0300 [error] [benchmark_io 814] poll: Operation canceled
2016-12-29 20:37:38.192 +0300 [error] [benchmark_io 322] poll: Operation canceled
2016-12-29 20:37:38.192 +0300 [error] [benchmark_io 820] poll: Operation canceled
2016-12-29 20:37:38.193 +0300 [error] [benchmark_io 404] poll: Operation canceled
2016-12-29 20:37:38.193 +0300 [error] [benchmark_io 164] poll: Operation canceled
2016-12-29 20:37:38.193 +0300 [error] [benchmark_io 806] poll: Operation canceled
2016-12-29 20:37:38.193 +0300 [error] [benchmark_io 887] poll: Operation canceled
2016-12-29 20:37:38.193 +0300 [error] [benchmark_io 387] poll: Operation canceled
2016-12-29 20:37:38.193 +0300 [error] [benchmark_io 798] poll: Operation canceled
2016-12-29 20:37:38.194 +0300 [error] [benchmark_io 295] poll: Operation canceled
2016-12-29 20:37:38.194 +0300 [error] [benchmark_io 045] poll: Operation canceled
2016-12-29 20:37:38.194 +0300 [error] [benchmark_io 446] poll: Operation canceled
2016-12-29 20:37:38.194 +0300 [error] [benchmark_io 803] poll: Operation canceled
2016-12-29 20:37:38.194 +0300 [error] [benchmark_io 527] poll: Operation canceled
2016-12-29 20:37:38.194 +0300 [error] [benchmark_io 899] poll: Operation canceled
2016-12-29 20:37:38.195 +0300 [error] [benchmark_io 734] poll: Operation canceled
2016-12-29 20:37:38.195 +0300 [error] [benchmark_io 678] poll: Operation canceled
2016-12-29 20:37:38.195 +0300 [error] [benchmark_io 369] poll: Operation canceled
2016-12-29 20:37:38.195 +0300 [error] [benchmark_io 853] poll: Operation canceled
2016-12-29 20:37:38.195 +0300 [error] [benchmark_io 588] poll: Operation canceled
2016-12-29 20:37:38.195 +0300 [error] [benchmark_io 178] poll: Operation canceled
2016-12-29 20:37:38.196 +0300 [error] [benchmark_io 745] poll: Operation canceled
2016-12-29 20:37:38.196 +0300 [error] [benchmark_io 293] poll: Operation canceled
2016-12-29 20:37:38.196 +0300 [error] [benchmark_io 173] poll: Operation canceled
2016-12-29 20:37:38.196 +0300 [error] [benchmark_io 501] poll: Operation canceled
2016-12-29 20:37:38.196 +0300 [error] [benchmark_io 357] poll: Operation canceled
2016-12-29 20:37:38.196 +0300 [error] [benchmark_io 884] poll: Operation canceled
2016-12-29 20:37:38.197 +0300 [error] [benchmark_io 825] poll: Operation canceled
2016-12-29 20:37:38.197 +0300 [error] [benchmark_io 328] poll: Operation canceled
2016-12-29 20:37:38.198 +0300 [error] [benchmark_io 420] poll: Operation canceled
2016-12-29 20:37:38.198 +0300 [error] [benchmark_io 827] poll: Operation canceled
2016-12-29 20:37:38.198 +0300 [error] [benchmark_io 537] poll: Operation canceled
2016-12-29 20:37:38.198 +0300 [error] [benchmark_io 242] poll: Operation canceled
2016-12-29 20:37:38.198 +0300 [error] [benchmark_io 746] poll: Operation canceled
2016-12-29 20:37:38.199 +0300 [error] [benchmark_io 362] poll: Operation canceled
2016-12-29 20:37:38.199 +0300 [error] [benchmark_io 401] poll: Operation canceled
2016-12-29 20:37:38.199 +0300 [error] [benchmark_io 712] poll: Operation canceled
2016-12-29 20:37:38.199 +0300 [error] [benchmark_io 225] poll: Operation canceled
2016-12-29 20:37:38.200 +0300 [error] [benchmark_io 540] poll: Operation canceled
2016-12-29 20:37:38.200 +0300 [error] [benchmark_io 549] poll: Operation canceled
2016-12-29 20:37:38.200 +0300 [error] [benchmark_io 857] poll: Operation canceled
2016-12-29 20:37:38.200 +0300 [error] [benchmark_io 138] poll: Operation canceled
2016-12-29 20:37:38.200 +0300 [error] [benchmark_io 055] poll: Operation canceled
2016-12-29 20:37:38.200 +0300 [error] [benchmark_io 013] poll: Operation canceled
2016-12-29 20:37:38.201 +0300 [error] [benchmark_io 879] poll: Operation canceled
2016-12-29 20:37:38.201 +0300 [error] [benchmark_io 394] poll: Operation canceled
2016-12-29 20:37:38.202 +0300 [error] [benchmark_io 378] poll: Operation canceled
2016-12-29 20:37:38.202 +0300 [error] [benchmark_io 324] poll: Operation canceled
2016-12-29 20:37:38.202 +0300 [error] [benchmark_io 856] poll: Operation canceled
2016-12-29 20:37:38.202 +0300 [error] [benchmark_io 325] poll: Operation canceled
2016-12-29 20:37:38.202 +0300 [error] [benchmark_io 792] poll: Operation canceled
2016-12-29 20:37:38.202 +0300 [error] [benchmark_io 919] poll: Operation canceled
2016-12-29 20:37:38.203 +0300 [error] [benchmark_io 649] poll: Operation canceled
2016-12-29 20:37:38.203 +0300 [error] [benchmark_io 926] poll: Operation canceled
2016-12-29 20:37:38.203 +0300 [error] [benchmark_io 002] poll: Operation canceled
2016-12-29 20:37:38.203 +0300 [error] [benchmark_io 240] poll: Operation canceled
2016-12-29 20:37:38.204 +0300 [error] [benchmark_io 390] poll: Operation canceled
2016-12-29 20:37:38.204 +0300 [error] [benchmark_io 753] poll: Operation canceled
2016-12-29 20:37:38.204 +0300 [error] [benchmark_io 354] poll: Operation canceled
2016-12-29 20:37:38.204 +0300 [error] [benchmark_io 769] poll: Operation canceled
2016-12-29 20:37:38.204 +0300 [error] [benchmark_io 638] poll: Operation canceled
2016-12-29 20:37:38.205 +0300 [error] [benchmark_io 562] poll: Operation canceled
2016-12-29 20:37:38.205 +0300 [error] [benchmark_io 468] poll: Operation canceled
2016-12-29 20:37:38.205 +0300 [error] [benchmark_io 266] poll: Operation canceled
2016-12-29 20:37:38.205 +0300 [error] [benchmark_io 909] poll: Operation canceled
2016-12-29 20:37:38.205 +0300 [error] [benchmark_io 516] poll: Operation canceled
2016-12-29 20:37:38.206 +0300 [error] [benchmark_io 299] poll: Operation canceled
2016-12-29 20:37:38.206 +0300 [error] [benchmark_io 291] poll: Operation canceled
2016-12-29 20:37:38.206 +0300 [error] [benchmark_io 351] poll: Operation canceled
2016-12-29 20:37:38.206 +0300 [error] [benchmark_io 302] poll: Operation canceled
2016-12-29 20:37:38.206 +0300 [error] [benchmark_io 434] poll: Operation canceled
2016-12-29 20:37:38.206 +0300 [error] [benchmark_io 556] poll: Operation canceled
2016-12-29 20:37:38.207 +0300 [error] [benchmark_io 331] poll: Operation canceled
2016-12-29 20:37:38.207 +0300 [error] [benchmark_io 968] poll: Operation canceled
2016-12-29 20:37:38.207 +0300 [error] [benchmark_io 542] poll: Operation canceled
2016-12-29 20:37:38.207 +0300 [error] [benchmark_io 605] poll: Operation canceled
2016-12-29 20:37:38.207 +0300 [error] [benchmark_io 766] poll: Operation canceled
2016-12-29 20:37:38.207 +0300 [error] [benchmark_io 597] poll: Operation canceled
2016-12-29 20:37:38.208 +0300 [error] [benchmark_io 558] poll: Operation canceled
2016-12-29 20:37:38.208 +0300 [error] [benchmark_io 160] poll: Operation canceled
2016-12-29 20:37:38.208 +0300 [error] [benchmark_io 222] poll: Operation canceled
2016-12-29 20:37:38.208 +0300 [error] [benchmark_io 627] poll: Operation canceled
2016-12-29 20:37:38.208 +0300 [error] [benchmark_io 216] poll: Operation canceled
2016-12-29 20:37:38.208 +0300 [error] [benchmark_io 332] poll: Operation canceled
2016-12-29 20:37:38.208 +0300 [error] [benchmark_io 928] poll: Operation canceled
2016-12-29 20:37:38.209 +0300 [error] [benchmark_io 669] poll: Operation canceled
2016-12-29 20:37:38.209 +0300 [error] [benchmark_io 338] poll: Operation canceled
2016-12-29 20:37:38.209 +0300 [error] [benchmark_io 599] poll: Operation canceled
2016-12-29 20:37:38.209 +0300 [error] [benchmark_io 256] poll: Operation canceled
2016-12-29 20:37:38.210 +0300 [error] [benchmark_io 500] poll: Operation canceled
2016-12-29 20:37:38.210 +0300 [error] [benchmark_io 437] poll: Operation canceled
2016-12-29 20:37:38.210 +0300 [error] [benchmark_io 563] poll: Operation canceled
2016-12-29 20:37:38.210 +0300 [error] [benchmark_io 397] poll: Operation canceled
2016-12-29 20:37:38.210 +0300 [error] [benchmark_io 156] poll: Operation canceled
2016-12-29 20:37:38.210 +0300 [error] [benchmark_io 802] poll: Operation canceled
2016-12-29 20:37:38.211 +0300 [error] [benchmark_io 122] poll: Operation canceled
2016-12-29 20:37:38.211 +0300 [error] [benchmark_io 700] poll: Operation canceled
2016-12-29 20:37:38.211 +0300 [error] [benchmark_io 591] poll: Operation canceled
2016-12-29 20:37:38.211 +0300 [error] [benchmark_io 400] poll: Operation canceled
2016-12-29 20:37:38.211 +0300 [error] [benchmark_io 860] poll: Operation canceled
2016-12-29 20:37:38.212 +0300 [error] [benchmark_io 361] poll: Operation canceled
2016-12-29 20:37:38.212 +0300 [error] [benchmark_io 336] poll: Operation canceled
2016-12-29 20:37:38.212 +0300 [error] [benchmark_io 843] poll: Operation canceled
2016-12-29 20:37:38.212 +0300 [error] [benchmark_io 716] poll: Operation canceled
2016-12-29 20:37:38.212 +0300 [error] [benchmark_io 815] poll: Operation canceled
2016-12-29 20:37:38.212 +0300 [error] [benchmark_io 781] poll: Operation canceled
2016-12-29 20:37:38.213 +0300 [error] [benchmark_io 947] poll: Operation canceled
2016-12-29 20:37:38.213 +0300 [error] [benchmark_io 655] poll: Operation canceled
2016-12-29 20:37:38.213 +0300 [error] [benchmark_io 980] poll: Operation canceled
2016-12-29 20:37:38.213 +0300 [error] [benchmark_io 559] poll: Operation canceled
2016-12-29 20:37:38.213 +0300 [error] [benchmark_io 680] poll: Operation canceled
2016-12-29 20:37:38.213 +0300 [error] [benchmark_io 981] poll: Operation canceled
2016-12-29 20:37:38.213 +0300 [error] [benchmark_io 749] poll: Operation canceled
2016-12-29 20:37:38.214 +0300 [error] [benchmark_io 659] poll: Operation canceled
2016-12-29 20:37:38.214 +0300 [error] [benchmark_io 688] poll: Operation canceled
2016-12-29 20:37:38.214 +0300 [error] [benchmark_io 754] poll: Operation canceled
2016-12-29 20:37:38.214 +0300 [error] [benchmark_io 113] poll: Operation canceled
2016-12-29 20:37:38.214 +0300 [error] [benchmark_io 822] poll: Operation canceled
2016-12-29 20:37:38.214 +0300 [error] [benchmark_io 393] poll: Operation canceled
2016-12-29 20:37:38.215 +0300 [error] [benchmark_io 001] poll: Operation canceled
2016-12-29 20:37:38.215 +0300 [error] [benchmark_io 866] poll: Operation canceled
2016-12-29 20:37:38.215 +0300 [error] [benchmark_io 788] connect: Operation canceled
2016-12-29 20:37:38.215 +0300 [error] [benchmark_io 366] connect: Operation canceled
2016-12-29 20:37:38.215 +0300 [error] [benchmark_io 848] connect: Operation canceled
2016-12-29 20:37:38.215 +0300 [error] [benchmark_io 447] connect: Operation canceled
2016-12-29 20:37:38.215 +0300 [error] [benchmark_io 995] connect: Operation canceled
2016-12-29 20:37:38.215 +0300 [error] [benchmark_io 531] connect: Operation canceled
2016-12-29 20:37:38.215 +0300 [error] [benchmark_io 278] connect: Operation canceled
2016-12-29 20:37:38.215 +0300 [error] [benchmark_io 964] connect: Operation canceled
2016-12-29 20:37:38.216 +0300 [error] [benchmark_io 423] connect: Operation canceled
2016-12-29 20:37:38.216 +0300 [error] [benchmark_io 863] connect: Operation canceled
2016-12-29 20:37:38.216 +0300 [error] [benchmark_io 098] connect: Operation canceled
2016-12-29 20:37:38.217 +0300 [error] [benchmark_io 705] connect: Operation canceled
2016-12-29 20:37:38.217 +0300 [error] [benchmark_io 575] connect: Operation canceled
2016-12-29 20:37:38.217 +0300 [error] [benchmark_io 205] connect: Operation canceled
2016-12-29 20:37:38.217 +0300 [error] [benchmark_io 632] connect: Operation canceled
2016-12-29 20:37:38.217 +0300 [error] [benchmark_io 502] connect: Operation canceled
2016-12-29 20:37:38.218 +0300 [error] [benchmark_io 691] connect: Operation canceled
2016-12-29 20:37:38.218 +0300 [error] [benchmark_io 490] connect: Operation canceled
2016-12-29 20:37:38.218 +0300 [error] [benchmark_io 786] connect: Operation canceled
2016-12-29 20:37:38.218 +0300 [error] [benchmark_io 026] connect: Operation canceled
2016-12-29 20:37:38.218 +0300 [error] [benchmark_io 486] connect: Operation canceled
2016-12-29 20:37:38.218 +0300 [error] [benchmark_io 169] connect: Operation canceled
2016-12-29 20:37:38.218 +0300 [error] [benchmark_io 155] connect: Operation canceled
2016-12-29 20:37:38.218 +0300 [error] [benchmark_io 623] connect: Operation canceled
2016-12-29 20:37:38.218 +0300 [error] [benchmark_io 466] connect: Operation canceled
2016-12-29 20:37:38.218 +0300 [error] [benchmark_io 111] connect: Operation canceled
2016-12-29 20:37:38.219 +0300 [error] [benchmark_io 292] connect: Operation canceled
2016-12-29 20:37:38.219 +0300 [error] [benchmark_io 818] connect: Operation canceled
2016-12-29 20:37:38.219 +0300 [error] [benchmark_io 095] connect: Operation canceled
2016-12-29 20:37:38.219 +0300 [error] [benchmark_io 395] connect: Operation canceled
2016-12-29 20:37:38.219 +0300 [error] [benchmark_io 701] connect: Operation canceled
2016-12-29 20:37:38.219 +0300 [error] [benchmark_io 953] connect: Operation canceled
2016-12-29 20:37:38.219 +0300 [error] [benchmark_io 871] connect: Operation canceled
2016-12-29 20:37:38.219 +0300 [error] [benchmark_io 341] connect: Operation canceled
2016-12-29 20:37:38.219 +0300 [error] [benchmark_io 796] connect: Operation canceled
2016-12-29 20:37:38.219 +0300 [error] [benchmark_io 728] connect: Operation canceled
2016-12-29 20:37:38.219 +0300 [error] [benchmark_io 699] connect: Operation canceled
2016-12-29 20:37:38.220 +0300 [error] [benchmark_io 617] connect: Operation canceled
2016-12-29 20:37:38.220 +0300 [error] [benchmark_io 805] connect: Operation canceled
2016-12-29 20:37:38.220 +0300 [error] [benchmark_io 207] connect: Operation canceled
2016-12-29 20:37:38.220 +0300 [error] [benchmark_io 813] connect: Operation canceled
2016-12-29 20:37:38.220 +0300 [error] [benchmark_io 300] connect: Operation canceled
2016-12-29 20:37:38.220 +0300 [error] [benchmark_io 128] connect: Operation canceled
2016-12-29 20:37:38.220 +0300 [error] [benchmark_io 587] connect: Operation canceled
2016-12-29 20:37:38.220 +0300 [error] [benchmark_io 442] connect: Operation canceled
2016-12-29 20:37:38.220 +0300 [error] [benchmark_io 801] connect: Operation canceled
2016-12-29 20:37:38.220 +0300 [error] [benchmark_io 939] connect: Operation canceled
2016-12-29 20:37:38.221 +0300 [error] [benchmark_io 891] connect: Operation canceled
2016-12-29 20:37:38.221 +0300 [error] [benchmark_io 475] connect: Operation canceled
2016-12-29 20:37:38.221 +0300 [error] [benchmark_io 445] connect: Operation canceled
2016-12-29 20:37:38.221 +0300 [error] [benchmark_io 009] connect: Operation canceled
2016-12-29 20:37:38.221 +0300 [error] [benchmark_io 834] connect: Operation canceled
2016-12-29 20:37:38.221 +0300 [error] [benchmark_io 458] connect: Operation canceled
2016-12-29 20:37:38.222 +0300 [error] [benchmark_io 743] connect: Operation canceled
2016-12-29 20:37:38.222 +0300 [error] [benchmark_io 461] connect: Operation canceled
2016-12-29 20:37:38.222 +0300 [error] [benchmark_io 912] connect: Operation canceled
2016-12-29 20:37:38.222 +0300 [error] [benchmark_io 842] connect: Operation canceled
2016-12-29 20:37:38.222 +0300 [error] [benchmark_io 154] connect: Operation canceled
2016-12-29 20:37:38.222 +0300 [error] [benchmark_io 509] connect: Operation canceled
2016-12-29 20:37:38.222 +0300 [error] [benchmark_io 824] connect: Operation canceled
2016-12-29 20:37:38.222 +0300 [error] [benchmark_io 317] connect: Operation canceled
2016-12-29 20:37:38.222 +0300 [error] [benchmark_io 432] connect: Operation canceled
2016-12-29 20:37:38.223 +0300 [error] [benchmark_io 758] connect: Operation canceled
2016-12-29 20:37:38.223 +0300 [error] [benchmark_io 521] connect: Operation canceled
2016-12-29 20:37:38.223 +0300 [error] [benchmark_io 530] connect: Operation canceled
2016-12-29 20:37:38.223 +0300 [error] [benchmark_io 117] connect: Operation canceled
2016-12-29 20:37:38.223 +0300 [error] [benchmark_io 375] connect: Operation canceled
2016-12-29 20:37:38.223 +0300 [error] [benchmark_io 168] connect: Operation canceled
2016-12-29 20:37:38.223 +0300 [error] [benchmark_io 882] connect: Operation canceled
2016-12-29 20:37:38.223 +0300 [error] [benchmark_io 736] connect: Operation canceled
2016-12-29 20:37:38.223 +0300 [error] [benchmark_io 105] connect: Operation canceled
2016-12-29 20:37:38.223 +0300 [error] [benchmark_io 875] connect: Operation canceled
2016-12-29 20:37:38.223 +0300 [error] [benchmark_io 663] connect: Operation canceled
2016-12-29 20:37:38.224 +0300 [error] [benchmark_io 329] connect: Operation canceled
2016-12-29 20:37:38.224 +0300 [error] [benchmark_io 062] connect: Operation canceled
2016-12-29 20:37:38.224 +0300 [error] [benchmark_io 372] connect: Operation canceled
2016-12-29 20:37:38.224 +0300 [error] [benchmark_io 301] connect: Operation canceled
2016-12-29 20:37:38.224 +0300 [error] [benchmark_io 195] connect: Operation canceled
2016-12-29 20:37:38.224 +0300 [error] [benchmark_io 075] connect: Operation canceled
2016-12-29 20:37:38.224 +0300 [error] [benchmark_io 060] connect: Operation canceled
2016-12-29 20:37:38.224 +0300 [error] [benchmark_io 161] connect: Operation canceled
2016-12-29 20:37:38.224 +0300 [error] [benchmark_io 383] connect: Operation canceled
2016-12-29 20:37:38.224 +0300 [error] [benchmark_io 080] connect: Operation canceled
2016-12-29 20:37:38.225 +0300 [error] [benchmark_io 148] connect: Operation canceled
2016-12-29 20:37:38.225 +0300 [error] [benchmark_io 082] connect: Operation canceled
2016-12-29 20:37:38.225 +0300 [error] [benchmark_io 094] connect: Operation canceled
2016-12-29 20:37:38.225 +0300 [error] [benchmark_io 101] connect: Operation canceled
2016-12-29 20:37:38.225 +0300 [error] [benchmark_io 059] connect: Operation canceled
2016-12-29 20:37:38.225 +0300 [error] [benchmark_io 069] connect: Operation canceled
2016-12-29 20:37:38.225 +0300 [error] [benchmark_io 084] connect: Operation canceled
2016-12-29 20:37:38.225 +0300 [error] [benchmark_io 729] connect: Operation canceled
2016-12-29 20:37:38.225 +0300 [error] [benchmark_io 086] connect: Operation canceled
2016-12-29 20:37:38.225 +0300 [error] [benchmark_io 719] connect: Operation canceled
2016-12-29 20:37:38.225 +0300 [error] [benchmark_io 072] connect: Operation canceled
2016-12-29 20:37:38.226 +0300 [error] [benchmark_io 076] connect: Operation canceled
2016-12-29 20:37:38.226 +0300 [error] [benchmark_io 144] connect: Operation canceled
2016-12-29 20:37:38.226 +0300 [error] [benchmark_io 042] connect: Operation canceled
2016-12-29 20:37:38.226 +0300 [error] [benchmark_io 097] connect: Operation canceled
2016-12-29 20:37:38.226 +0300 [error] [benchmark_io 081] connect: Operation canceled
2016-12-29 20:37:38.226 +0300 [error] [benchmark_io 087] connect: Operation canceled
2016-12-29 20:37:38.226 +0300 [error] [benchmark_io 112] connect: Operation canceled
2016-12-29 20:37:38.226 +0300 [error] [benchmark_io 079] connect: Operation canceled
2016-12-29 20:37:38.226 +0300 [error] [benchmark_io 100] connect: Operation canceled
2016-12-29 20:37:38.226 +0300 [error] [benchmark_io 099] connect: Operation canceled
2016-12-29 20:37:38.226 +0300 [error] [benchmark_io 858] connect: Operation canceled
2016-12-29 20:37:38.226 +0300 [error] [benchmark_io 083] connect: Operation canceled
2016-12-29 20:37:38.227 +0300 [error] [benchmark_io 006] connect: Operation canceled
2016-12-29 20:37:38.227 +0300 [error] [benchmark_io 885] connect: Operation canceled
2016-12-29 20:37:38.227 +0300 [error] [benchmark_io 572] connect: Operation canceled
2016-12-29 20:37:38.227 +0300 [error] [benchmark_io 920] connect: Operation canceled
2016-12-29 20:37:38.227 +0300 [error] [benchmark_io 707] connect: Operation canceled
2016-12-29 20:37:38.227 +0300 [error] [benchmark_io 078] connect: Operation canceled
2016-12-29 20:37:38.227 +0300 [error] [benchmark_io 223] connect: Operation canceled
2016-12-29 20:37:38.227 +0300 [error] [benchmark_io 828] connect: Operation canceled
2016-12-29 20:37:38.227 +0300 [error] [benchmark_io 577] connect: Operation canceled
2016-12-29 20:37:38.227 +0300 [error] [benchmark_io 835] connect: Operation canceled
2016-12-29 20:37:38.228 +0300 [error] [benchmark_io 032] connect: Operation canceled
2016-12-29 20:37:38.228 +0300 [error] [benchmark_io 090] connect: Operation canceled
2016-12-29 20:37:38.228 +0300 [error] [benchmark_io 832] connect: Operation canceled
2016-12-29 20:37:38.228 +0300 [error] [benchmark_io 040] connect: Operation canceled
2016-12-29 20:37:38.228 +0300 [error] [benchmark_io 428] connect: Operation canceled
2016-12-29 20:37:38.228 +0300 [error] [benchmark_io 056] connect: Operation canceled
2016-12-29 20:37:38.228 +0300 [error] [benchmark_io 353] connect: Operation canceled
2016-12-29 20:37:38.228 +0300 [error] [benchmark_io 650] connect: Operation canceled
2016-12-29 20:37:38.228 +0300 [error] [benchmark_io 316] poll: Operation canceled
2016-12-29 20:37:38.228 +0300 [error] [benchmark_io 780] connect: Operation canceled
2016-12-29 20:37:38.228 +0300 [error] [benchmark_io 779] connect: Operation canceled
2016-12-29 20:37:38.229 +0300 [error] [benchmark_io 007] poll: Operation canceled
2016-12-29 20:37:38.230 +0300 [error] [benchmark_io 152] poll: Operation canceled
2016-12-29 20:37:38.230 +0300 [error] [benchmark_io 717] poll: Operation canceled
2016-12-29 20:37:38.230 +0300 [error] [benchmark_io 165] connect: Operation canceled
2016-12-29 20:37:38.230 +0300 [error] [benchmark_io 983] connect: Operation canceled
2016-12-29 20:37:38.231 +0300 [error] [benchmark_io 264] poll: Operation canceled
2016-12-29 20:37:38.231 +0300 [error] [benchmark_io 812] connect: Operation canceled
2016-12-29 20:37:38.231 +0300 [error] [benchmark_io 221] connect: Operation canceled
2016-12-29 20:37:38.231 +0300 [error] [benchmark_io 759] connect: Operation canceled
2016-12-29 20:37:38.231 +0300 [error] [benchmark_io 297] connect: Operation canceled
2016-12-29 20:37:38.231 +0300 [error] [benchmark_io 896] connect: Operation canceled
2016-12-29 20:37:38.231 +0300 [error] [benchmark_io 029] connect: Operation canceled
2016-12-29 20:37:38.231 +0300 [error] [benchmark_io 261] connect: Operation canceled
2016-12-29 20:37:38.231 +0300 [error] [benchmark_io 816] connect: Operation canceled
2016-12-29 20:37:38.232 +0300 [error] [benchmark_io 569] poll: Operation canceled
2016-12-29 20:37:38.232 +0300 [error] [benchmark_io 574] poll: Operation canceled
2016-12-29 20:37:38.232 +0300 [error] [benchmark_io 360] poll: Operation canceled
2016-12-29 20:37:38.232 +0300 [error] [benchmark_io 859] poll: Operation canceled
2016-12-29 20:37:38.233 +0300 [error] [benchmark_io 146] poll: Operation canceled
2016-12-29 20:37:38.233 +0300 [error] [benchmark_io 050] poll: Operation canceled
2016-12-29 20:37:38.233 +0300 [error] [benchmark_io 089] poll: Operation canceled
2016-12-29 20:37:38.233 +0300 [error] [benchmark_io 092] poll: Operation canceled
2016-12-29 20:37:38.233 +0300 [error] [benchmark_io 270] connect: Operation canceled
2016-12-29 20:37:38.234 +0300 [error] [benchmark_io 653] connect: Operation canceled
2016-12-29 20:37:38.234 +0300 [error] [benchmark_io 602] connect: Operation canceled
2016-12-29 20:37:38.234 +0300 [error] [benchmark_io 996] connect: Operation canceled
2016-12-29 20:37:38.234 +0300 [error] [benchmark_io 480] connect: Operation canceled
2016-12-29 20:37:38.234 +0300 [error] [benchmark_io 616] connect: Operation canceled
2016-12-29 20:37:38.234 +0300 [error] [benchmark_io 841] connect: Operation canceled
2016-12-29 20:37:38.234 +0300 [error] [benchmark_io 651] connect: Operation canceled
2016-12-29 20:37:38.234 +0300 [error] [benchmark_io 532] connect: Operation canceled
2016-12-29 20:37:38.234 +0300 [error] [benchmark_io 485] connect: Operation canceled
2016-12-29 20:37:38.234 +0300 [error] [benchmark_io 020] connect: Operation canceled
2016-12-29 20:37:38.234 +0300 [error] [benchmark_io 311] connect: Operation canceled
2016-12-29 20:37:38.234 +0300 [error] [benchmark_io 315] connect: Operation canceled
2016-12-29 20:37:38.234 +0300 [error] [benchmark_io 233] connect: Operation canceled
2016-12-29 20:37:38.234 +0300 [error] [benchmark_io 210] connect: Operation canceled
2016-12-29 20:37:38.234 +0300 [error] [benchmark_io 811] connect: Operation canceled
2016-12-29 20:37:38.235 +0300 [error] [benchmark_io 878] connect: Operation canceled
2016-12-29 20:37:38.235 +0300 [error] [benchmark_io 051] poll: Operation canceled
2016-12-29 20:37:38.235 +0300 [error] [benchmark_io 198] poll: Operation canceled
2016-12-29 20:37:38.235 +0300 [error] [benchmark_io 954] poll: Operation canceled
2016-12-29 20:37:38.235 +0300 [error] [benchmark_io 307] poll: Operation canceled
2016-12-29 20:37:38.235 +0300 [error] [benchmark_io 226] poll: Operation canceled
2016-12-29 20:37:38.236 +0300 [error] [benchmark_io 031] poll: Operation canceled
2016-12-29 20:37:38.236 +0300 [error] [benchmark_io 777] poll: Operation canceled
2016-12-29 20:37:38.236 +0300 [error] [benchmark_io 048] poll: Operation canceled
2016-12-29 20:37:38.236 +0300 [error] [benchmark_io 252] poll: Operation canceled
2016-12-29 20:37:38.236 +0300 [error] [benchmark_io 108] poll: Operation canceled
2016-12-29 20:37:38.236 +0300 [error] [benchmark_io 703] poll: Operation canceled
2016-12-29 20:37:38.237 +0300 [error] [benchmark_io 306] poll: Operation canceled
2016-12-29 20:37:38.237 +0300 [error] [benchmark_io 456] poll: Operation canceled
2016-12-29 20:37:38.238 +0300 [error] [benchmark_io 159] poll: Operation canceled
2016-12-29 20:37:38.238 +0300 [error] [benchmark_io 115] poll: Operation canceled
2016-12-29 20:37:38.238 +0300 [error] [benchmark_io 215] poll: Operation canceled
2016-12-29 20:37:38.238 +0300 [error] [benchmark_io 582] poll: Operation canceled
2016-12-29 20:37:38.238 +0300 [error] [benchmark_io 004] poll: Operation canceled
2016-12-29 20:37:38.238 +0300 [error] [benchmark_io 131] poll: Operation canceled
2016-12-29 20:37:38.239 +0300 [error] [benchmark_io 789] poll: Operation canceled
2016-12-29 20:37:38.239 +0300 [error] [benchmark_io 726] poll: Operation canceled
2016-12-29 20:37:38.239 +0300 [error] [benchmark_io 697] poll: Operation canceled
2016-12-29 20:37:38.239 +0300 [error] [benchmark_io 492] poll: Operation canceled
2016-12-29 20:37:38.239 +0300 [error] [benchmark_io 972] poll: Operation canceled
2016-12-29 20:37:38.239 +0300 [error] [benchmark_io 618] poll: Operation canceled
2016-12-29 20:37:38.240 +0300 [error] [benchmark_io 570] poll: Operation canceled
2016-12-29 20:37:38.240 +0300 [error] [benchmark_io 793] poll: Operation canceled
2016-12-29 20:37:38.240 +0300 [error] [benchmark_io 808] poll: Operation canceled
2016-12-29 20:37:38.240 +0300 [error] [benchmark_io 547] poll: Operation canceled
2016-12-29 20:37:38.240 +0300 [error] [benchmark_io 718] poll: Operation canceled
2016-12-29 20:37:38.241 +0300 [error] [benchmark_io 787] poll: Operation canceled
2016-12-29 20:37:38.241 +0300 [error] [benchmark_io 510] poll: Operation canceled
2016-12-29 20:37:38.241 +0300 [error] [benchmark_io 778] poll: Operation canceled
2016-12-29 20:37:38.241 +0300 [error] [benchmark_io 438] poll: Operation canceled
2016-12-29 20:37:38.241 +0300 [error] [benchmark_io 869] poll: Operation canceled
2016-12-29 20:37:38.241 +0300 [error] [benchmark_io 830] poll: Operation canceled
2016-12-29 20:37:38.242 +0300 [error] [benchmark_io 552] poll: Operation canceled
2016-12-29 20:37:38.242 +0300 [error] [benchmark_io 880] poll: Operation canceled
2016-12-29 20:37:38.242 +0300 [error] [benchmark_io 883] poll: Operation canceled
2016-12-29 20:37:38.242 +0300 [error] [benchmark_io 333] poll: Operation canceled
2016-12-29 20:37:38.242 +0300 [error] [benchmark_io 110] poll: Operation canceled
2016-12-29 20:37:38.242 +0300 [error] [benchmark_io 280] poll: Operation canceled
2016-12-29 20:37:38.243 +0300 [error] [benchmark_io 873] poll: Operation canceled
2016-12-29 20:37:38.243 +0300 [error] [benchmark_io 149] poll: Operation canceled
2016-12-29 20:37:38.243 +0300 [error] [benchmark_io 028] poll: Operation canceled
2016-12-29 20:37:38.243 +0300 [error] [benchmark_io 829] poll: Operation canceled
2016-12-29 20:37:38.243 +0300 [error] [benchmark_io 157] poll: Operation canceled
2016-12-29 20:37:38.244 +0300 [error] [benchmark_io 191] poll: Operation canceled
2016-12-29 20:37:38.244 +0300 [error] [benchmark_io 426] poll: Operation canceled
2016-12-29 20:37:38.244 +0300 [error] [benchmark_io 539] poll: Operation canceled
2016-12-29 20:37:38.244 +0300 [error] [benchmark_io 635] poll: Operation canceled
2016-12-29 20:37:38.244 +0300 [error] [benchmark_io 596] poll: Operation canceled
2016-12-29 20:37:38.244 +0300 [error] [benchmark_io 601] poll: Operation canceled
2016-12-29 20:37:38.244 +0300 [error] [benchmark_io 046] poll: Operation canceled
2016-12-29 20:37:38.245 +0300 [error] [benchmark_io 583] poll: Operation canceled
2016-12-29 20:37:38.245 +0300 [error] [benchmark_io 525] poll: Operation canceled
2016-12-29 20:37:38.246 +0300 [error] [benchmark_io 732] poll: Operation canceled
2016-12-29 20:37:38.246 +0300 [error] [benchmark_io 957] poll: Operation canceled
2016-12-29 20:37:38.246 +0300 [error] [benchmark_io 975] poll: Operation canceled
2016-12-29 20:37:38.246 +0300 [error] [benchmark_io 654] poll: Operation canceled
2016-12-29 20:37:38.246 +0300 [error] [benchmark_io 790] poll: Operation canceled
2016-12-29 20:37:38.247 +0300 [error] [benchmark_io 245] poll: Operation canceled
2016-12-29 20:37:38.247 +0300 [error] [benchmark_io 988] poll: Operation canceled
2016-12-29 20:37:38.247 +0300 [error] [benchmark_io 850] poll: Operation canceled
2016-12-29 20:37:38.247 +0300 [error] [benchmark_io 706] poll: Operation canceled
2016-12-29 20:37:38.247 +0300 [error] [benchmark_io 724] poll: Operation canceled
2016-12-29 20:37:38.247 +0300 [error] [benchmark_io 943] poll: Operation canceled
2016-12-29 20:37:38.247 +0300 [error] [benchmark_io 355] poll: Operation canceled
2016-12-29 20:37:38.248 +0300 [error] [benchmark_io 350] poll: Operation canceled
2016-12-29 20:37:38.248 +0300 [error] [benchmark_io 186] poll: Operation canceled
2016-12-29 20:37:38.248 +0300 [error] [benchmark_io 125] poll: Operation canceled
2016-12-29 20:37:38.248 +0300 [error] [benchmark_io 564] poll: Operation canceled
2016-12-29 20:37:38.248 +0300 [error] [benchmark_io 546] poll: Operation canceled
2016-12-29 20:37:38.248 +0300 [error] [benchmark_io 826] poll: Operation canceled
2016-12-29 20:37:38.249 +0300 [error] [benchmark_io 411] poll: Operation canceled
2016-12-29 20:37:38.249 +0300 [error] [benchmark_io 585] poll: Operation canceled
2016-12-29 20:37:38.249 +0300 [error] [benchmark_io 474] poll: Operation canceled
2016-12-29 20:37:38.249 +0300 [error] [benchmark_io 908] poll: Operation canceled
2016-12-29 20:37:38.249 +0300 [error] [benchmark_io 578] poll: Operation canceled
2016-12-29 20:37:38.250 +0300 [error] [benchmark_io 460] poll: Operation canceled
2016-12-29 20:37:38.250 +0300 [error] [benchmark_io 457] poll: Operation canceled
2016-12-29 20:37:38.250 +0300 [error] [benchmark_io 946] poll: Operation canceled
2016-12-29 20:37:38.250 +0300 [error] [benchmark_io 244] poll: Operation canceled
2016-12-29 20:37:38.250 +0300 [error] [benchmark_io 096] poll: Operation canceled
2016-12-29 20:37:38.250 +0300 [error] [benchmark_io 268] poll: Operation canceled
2016-12-29 20:37:38.251 +0300 [error] [benchmark_io 285] poll: Operation canceled
2016-12-29 20:37:38.251 +0300 [error] [benchmark_io 613] poll: Operation canceled
2016-12-29 20:37:38.251 +0300 [error] [benchmark_io 713] poll: Operation canceled
2016-12-29 20:37:38.251 +0300 [error] [benchmark_io 279] poll: Operation canceled
2016-12-29 20:37:38.251 +0300 [error] [benchmark_io 949] poll: Operation canceled
2016-12-29 20:37:38.251 +0300 [error] [benchmark_io 282] poll: Operation canceled
2016-12-29 20:37:38.252 +0300 [error] [benchmark_io 272] poll: Operation canceled
2016-12-29 20:37:38.252 +0300 [error] [benchmark_io 103] poll: Operation canceled
2016-12-29 20:37:38.252 +0300 [error] [benchmark_io 314] poll: Operation canceled
2016-12-29 20:37:38.252 +0300 [error] [benchmark_io 274] poll: Operation canceled
2016-12-29 20:37:38.252 +0300 [error] [benchmark_io 255] poll: Operation canceled
2016-12-29 20:37:38.252 +0300 [error] [benchmark_io 722] poll: Operation canceled
2016-12-29 20:37:38.253 +0300 [error] [benchmark_io 488] poll: Operation canceled
2016-12-29 20:37:38.253 +0300 [error] [benchmark_io 935] poll: Operation canceled
2016-12-29 20:37:38.253 +0300 [error] [benchmark_io 522] poll: Operation canceled
2016-12-29 20:37:38.253 +0300 [error] [benchmark_io 269] poll: Operation canceled
2016-12-29 20:37:38.253 +0300 [error] [benchmark_io 730] poll: Operation canceled
2016-12-29 20:37:38.253 +0300 [error] [benchmark_io 281] poll: Operation canceled
2016-12-29 20:37:38.254 +0300 [error] [benchmark_io 762] poll: Operation canceled
2016-12-29 20:37:38.254 +0300 [error] [benchmark_io 085] poll: Operation canceled
2016-12-29 20:37:38.254 +0300 [error] [benchmark_io 017] poll: Operation canceled
2016-12-29 20:37:38.254 +0300 [error] [benchmark_io 260] poll: Operation canceled
2016-12-29 20:37:38.254 +0300 [error] [benchmark_io 308] poll: Operation canceled
2016-12-29 20:37:38.254 +0300 [error] [benchmark_io 642] poll: Operation canceled
2016-12-29 20:37:38.255 +0300 [error] [benchmark_io 000] poll: Operation canceled
2016-12-29 20:37:38.255 +0300 [error] [benchmark_io 107] poll: Operation canceled
2016-12-29 20:37:38.255 +0300 [error] [benchmark_io 660] poll: Operation canceled
2016-12-29 20:37:38.255 +0300 [error] [benchmark_io 289] poll: Operation canceled
2016-12-29 20:37:38.255 +0300 [error] [benchmark_io 283] poll: Operation canceled
2016-12-29 20:37:38.255 +0300 [error] [benchmark_io 507] poll: Operation canceled
2016-12-29 20:37:38.256 +0300 [error] [benchmark_io 234] poll: Operation canceled
2016-12-29 20:37:38.256 +0300 [error] [benchmark_io 971] poll: Operation canceled
2016-12-29 20:37:38.256 +0300 [error] [benchmark_io 276] poll: Operation canceled
2016-12-29 20:37:38.256 +0300 [error] [benchmark_io 294] poll: Operation canceled
2016-12-29 20:37:38.256 +0300 [error] [benchmark_io 257] poll: Operation canceled
2016-12-29 20:37:38.256 +0300 [error] [benchmark_io 182] poll: Operation canceled
2016-12-29 20:37:38.256 +0300 [error] [benchmark_io 550] poll: Operation canceled
2016-12-29 20:37:38.256 +0300 [error] [benchmark_io 710] poll: Operation canceled
2016-12-29 20:37:38.257 +0300 [error] [benchmark_io 535] poll: Operation canceled
2016-12-29 20:37:38.257 +0300 [error] [benchmark_io 752] poll: Operation canceled
2016-12-29 20:37:38.257 +0300 [error] [benchmark_io 106] poll: Operation canceled
2016-12-29 20:37:38.257 +0300 [error] [benchmark_io 265] poll: Operation canceled
2016-12-29 20:37:38.257 +0300 [error] [benchmark_io 323] poll: Operation canceled
2016-12-29 20:37:38.257 +0300 [error] [benchmark_io 296] poll: Operation canceled
2016-12-29 20:37:38.258 +0300 [info] [] Exit
