2016-12-24 00:53:48,653 [WARNING] yandextank.core.consoleworker consoleworker.py:164	/etc/yandex-tank is not accessible to get configs list
2016-12-24 00:53:48,654 [INFO] yandextank.core.consoleworker consoleworker.py:199	No config passed via cmdline, using ./load.ini
2016-12-24 00:53:48,654 [DEBUG] yandextank.core.tankcore tankcore.py:438	Adding artifact file to collect (keep=True): /home/user/lab/helloWorld/helloWorld/src/load.ini
2016-12-24 00:53:48,654 [INFO] yandextank.core.tankcore tankcore.py:110	Loading configs...
2016-12-24 00:53:48,654 [DEBUG] yandextank.core.tankcore tankcore.py:569	Reading configs: ['/usr/local/lib/python2.7/dist-packages/yandextank/core/config/00-base.ini', '/home/user/.yandex-tank', '/home/user/lab/helloWorld/helloWorld/src/load.ini']
2016-12-24 00:53:48,668 [DEBUG] yandextank.core.tankcore tankcore.py:599	Section: [tank] prefix: '' options:
[('uuid', '993ecdb0-c497-4382-80c7-ddc9f5a66cc3'), ('pid', '1482'), ('lock_dir', '/var/lock'), ('plugin_rcheck', 'yandextank.plugins.ResourceCheck'), ('plugin_shellexec', 'yandextank.plugins.ShellExec'), ('plugin_phantom', 'yandextank.plugins.Phantom'), ('plugin_aggregate', 'yandextank.plugins.Aggregator'), ('plugin_autostop', 'yandextank.plugins.Autostop'), ('plugin_telegraf', 'yandextank.plugins.Telegraf'), ('plugin_console', 'yandextank.plugins.Console'), ('plugin_tips', 'yandextank.plugins.TipsAndTricks'), ('plugin_rcassert', 'yandextank.plugins.RCAssert'), ('artifacts_base_dir', 'logs')]
2016-12-24 00:53:48,669 [DEBUG] yandextank.core.tankcore tankcore.py:438	Adding artifact file to collect (keep=False): /var/lock/lunapark_uo7Awe.lock
2016-12-24 00:53:48,669 [INFO] yandextank.core.tankcore tankcore.py:129	Loading plugins...
2016-12-24 00:53:48,670 [DEBUG] yandextank.core.tankcore tankcore.py:599	Section: [tank] prefix: 'plugin_' options:
[('rcheck', 'yandextank.plugins.ResourceCheck'), ('shellexec', 'yandextank.plugins.ShellExec'), ('phantom', 'yandextank.plugins.Phantom'), ('aggregate', 'yandextank.plugins.Aggregator'), ('autostop', 'yandextank.plugins.Autostop'), ('telegraf', 'yandextank.plugins.Telegraf'), ('console', 'yandextank.plugins.Console'), ('tips', 'yandextank.plugins.TipsAndTricks'), ('rcassert', 'yandextank.plugins.RCAssert')]
2016-12-24 00:53:48,671 [DEBUG] yandextank.core.tankcore tankcore.py:148	Loading plugin rcheck from yandextank.plugins.ResourceCheck
2016-12-24 00:53:48,673 [DEBUG] yandextank.core.tankcore tankcore.py:148	Loading plugin shellexec from yandextank.plugins.ShellExec
2016-12-24 00:53:48,675 [DEBUG] yandextank.core.tankcore tankcore.py:148	Loading plugin phantom from yandextank.plugins.Phantom
2016-12-24 00:53:48,675 [DEBUG] yandextank.core.tankcore tankcore.py:148	Loading plugin aggregate from yandextank.plugins.Aggregator
2016-12-24 00:53:48,676 [DEBUG] yandextank.core.tankcore tankcore.py:148	Loading plugin autostop from yandextank.plugins.Autostop
2016-12-24 00:53:48,676 [DEBUG] yandextank.core.tankcore tankcore.py:148	Loading plugin telegraf from yandextank.plugins.Telegraf
2016-12-24 00:53:48,676 [DEBUG] yandextank.core.tankcore tankcore.py:148	Loading plugin console from yandextank.plugins.Console
2016-12-24 00:53:48,676 [DEBUG] yandextank.core.tankcore tankcore.py:148	Loading plugin tips from yandextank.plugins.TipsAndTricks
2016-12-24 00:53:48,682 [DEBUG] yandextank.core.tankcore tankcore.py:148	Loading plugin rcassert from yandextank.plugins.RCAssert
2016-12-24 00:53:48,685 [DEBUG] yandextank.core.tankcore tankcore.py:173	Plugin instances: [<yandextank.plugins.ResourceCheck.plugin.Plugin object at 0xb5c37ac>, <yandextank.plugins.ShellExec.plugin.Plugin object at 0xb5c3b6c>, <yandextank.plugins.Phantom.plugin.Plugin object at 0xb5c3bac>, <yandextank.plugins.Aggregator.plugin.Plugin object at 0xb5c3bcc>, <yandextank.plugins.Autostop.plugin.Plugin object at 0xb5c3e8c>, <yandextank.plugins.Telegraf.plugin.Plugin object at 0xb5c3ecc>, <yandextank.plugins.Console.plugin.Plugin object at 0xb5c3fec>, <yandextank.plugins.TipsAndTricks.plugin.Plugin object at 0xb5c82cc>, <yandextank.plugins.RCAssert.plugin.Plugin object at 0xb5c84ac>]
2016-12-24 00:53:48,685 [INFO] yandextank.core.consoleworker consoleworker.py:258	Performing test
2016-12-24 00:53:48,686 [INFO] yandextank.core.tankcore tankcore.py:183	Configuring plugins...
2016-12-24 00:53:48,686 [DEBUG] yandextank.core.tankcore tankcore.py:396	Searching for plugin: <class 'yandextank.plugins.Telegraf.plugin.Plugin'>
2016-12-24 00:53:48,686 [DEBUG] yandextank.core.tankcore tankcore.py:396	Searching for plugin: <class 'yandextank.plugins.Aggregator.plugin.Plugin'>
2016-12-24 00:53:48,686 [DEBUG] yandextank.core.tankcore tankcore.py:396	Searching for plugin: <class 'yandextank.common.interfaces.GeneratorPlugin'>
2016-12-24 00:53:48,686 [DEBUG] yandextank.core.tankcore tankcore.py:356	No section 'meta', adding
2016-12-24 00:53:48,688 [DEBUG] yandextank.core.tankcore tankcore.py:223	Configuring <yandextank.plugins.ResourceCheck.plugin.Plugin object at 0xb5c37ac>
2016-12-24 00:53:48,688 [DEBUG] yandextank.core.tankcore tankcore.py:356	No section 'rcheck', adding
2016-12-24 00:53:48,689 [DEBUG] yandextank.core.tankcore tankcore.py:223	Configuring <yandextank.plugins.ShellExec.plugin.Plugin object at 0xb5c3b6c>
2016-12-24 00:53:48,689 [DEBUG] yandextank.core.tankcore tankcore.py:356	No section 'shellexec', adding
2016-12-24 00:53:48,690 [DEBUG] yandextank.core.tankcore tankcore.py:223	Configuring <yandextank.plugins.Phantom.plugin.Plugin object at 0xb5c3bac>
2016-12-24 00:53:48,692 [DEBUG] yandextank.core.tankcore tankcore.py:396	Searching for plugin: <class 'yandextank.plugins.Autostop.plugin.Plugin'>
2016-12-24 00:53:48,694 [DEBUG] yandextank.core.tankcore tankcore.py:438	Adding artifact file to collect (keep=False): /home/user/lab/helloWorld/helloWorld/src/logs/answ___unj1.log
2016-12-24 00:53:48,694 [DEBUG] yandextank.core.tankcore tankcore.py:438	Adding artifact file to collect (keep=False): /home/user/lab/helloWorld/helloWorld/src/logs/phout_BwMNUA.log
2016-12-24 00:53:48,701 [DEBUG] yandextank.core.tankcore tankcore.py:438	Adding artifact file to collect (keep=False): /home/user/lab/helloWorld/helloWorld/src/logs/phantom_stat_9IzKGI.log
2016-12-24 00:53:48,701 [DEBUG] yandextank.core.tankcore tankcore.py:438	Adding artifact file to collect (keep=False): /home/user/lab/helloWorld/helloWorld/src/logs/phantom_p9Yx6P.log
2016-12-24 00:53:48,704 [DEBUG] yandextank.common.util util.py:520	Trying to resolve address string: 127.0.0.1
2016-12-24 00:53:48,705 [DEBUG] yandextank.common.util util.py:537	Parsing port
2016-12-24 00:53:48,705 [DEBUG] yandextank.common.util util.py:547	Lookup result: [(2, 1, 6, '', ('127.0.0.1', 0)), (2, 2, 17, '', ('127.0.0.1', 0)), (2, 3, 0, '', ('127.0.0.1', 0))]
2016-12-24 00:53:48,706 [INFO] yandextank.plugins.Phantom.utils utils.py:267	Resolved 127.0.0.1 into 127.0.0.1:80
2016-12-24 00:53:48,707 [INFO] yandextank.stepper.main main.py:137	Configuring StepperWrapper...
2016-12-24 00:53:48,708 [DEBUG] yandextank.stepper.main main.py:121	Option phantom.ammofile = 
2016-12-24 00:53:48,709 [DEBUG] yandextank.stepper.main main.py:121	Option phantom.ammo_type = 
2016-12-24 00:53:48,710 [DEBUG] yandextank.stepper.main main.py:121	Option phantom.loop = -1
2016-12-24 00:53:48,711 [DEBUG] yandextank.stepper.main main.py:121	Option phantom.ammo_limit = -1
2016-12-24 00:53:48,711 [DEBUG] yandextank.stepper.main main.py:121	Option phantom.rps_schedule = line(1, 100, 10m)
2016-12-24 00:53:48,711 [DEBUG] yandextank.stepper.main main.py:121	Option phantom.instances_schedule = 
2016-12-24 00:53:48,711 [DEBUG] yandextank.stepper.main main.py:121	Option phantom.instances = 1000
2016-12-24 00:53:48,712 [DEBUG] yandextank.stepper.main main.py:121	Option phantom.uris = 
2016-12-24 00:53:48,713 [DEBUG] yandextank.stepper.main main.py:121	Option phantom.headers = 
2016-12-24 00:53:48,713 [DEBUG] yandextank.stepper.main main.py:121	Option phantom.header_http = 1.0
2016-12-24 00:53:48,714 [DEBUG] yandextank.stepper.main main.py:121	Option phantom.autocases = 0
2016-12-24 00:53:48,714 [DEBUG] yandextank.stepper.main main.py:121	Option phantom.enum_ammo = False
2016-12-24 00:53:48,714 [DEBUG] yandextank.stepper.main main.py:121	Option phantom.use_caching = 1
2016-12-24 00:53:48,715 [DEBUG] yandextank.stepper.main main.py:121	Option phantom.file_cache = 8192
2016-12-24 00:53:48,715 [DEBUG] yandextank.stepper.main main.py:121	Option phantom.force_stepping = 0
2016-12-24 00:53:48,716 [DEBUG] yandextank.stepper.main main.py:121	Option phantom.stpd_file = 
2016-12-24 00:53:48,716 [DEBUG] yandextank.stepper.main main.py:121	Option phantom.chosen_cases = 
2016-12-24 00:53:48,717 [DEBUG] yandextank.core.tankcore tankcore.py:223	Configuring <yandextank.plugins.Aggregator.plugin.Plugin object at 0xb5c3bcc>
2016-12-24 00:53:48,719 [DEBUG] yandextank.core.tankcore tankcore.py:356	No section 'aggregator', adding
2016-12-24 00:53:48,720 [DEBUG] yandextank.core.tankcore tankcore.py:223	Configuring <yandextank.plugins.Autostop.plugin.Plugin object at 0xb5c3e8c>
2016-12-24 00:53:48,720 [DEBUG] yandextank.core.tankcore tankcore.py:396	Searching for plugin: <class 'yandextank.plugins.Aggregator.plugin.Plugin'>
2016-12-24 00:53:48,720 [DEBUG] yandextank.core.tankcore tankcore.py:356	No section 'autostop', adding
2016-12-24 00:53:48,720 [DEBUG] yandextank.core.tankcore tankcore.py:223	Configuring <yandextank.plugins.Telegraf.plugin.Plugin object at 0xb5c3ecc>
2016-12-24 00:53:48,720 [DEBUG] yandextank.core.tankcore tankcore.py:356	No section 'telegraf', adding
2016-12-24 00:53:48,720 [WARNING] yandextank.core.tankcore tankcore.py:370	Mandatory option config was not found in section telegraf
2016-12-24 00:53:48,721 [DEBUG] yandextank.core.tankcore tankcore.py:356	No section 'monitoring', adding
2016-12-24 00:53:48,721 [WARNING] yandextank.core.tankcore tankcore.py:370	Mandatory option config was not found in section monitoring
2016-12-24 00:53:48,722 [WARNING] yandextank.core.tankcore tankcore.py:370	Mandatory option default_target was not found in section telegraf
2016-12-24 00:53:48,723 [WARNING] yandextank.core.tankcore tankcore.py:370	Mandatory option default_target was not found in section monitoring
2016-12-24 00:53:48,728 [DEBUG] yandextank.core.tankcore tankcore.py:438	Adding artifact file to collect (keep=False): /home/user/lab/helloWorld/helloWorld/src/logs/monitoring_lgY30o.xml
2016-12-24 00:53:48,729 [DEBUG] yandextank.core.tankcore tankcore.py:396	Searching for plugin: <class 'yandextank.plugins.Autostop.plugin.Plugin'>
2016-12-24 00:53:48,729 [DEBUG] yandextank.core.tankcore tankcore.py:223	Configuring <yandextank.plugins.Console.plugin.Plugin object at 0xb5c3fec>
2016-12-24 00:53:48,730 [DEBUG] yandextank.core.tankcore tankcore.py:356	No section 'console', adding
2016-12-24 00:53:48,732 [DEBUG] yandextank.core.tankcore tankcore.py:396	Searching for plugin: <class 'yandextank.plugins.Aggregator.plugin.Plugin'>
2016-12-24 00:53:48,732 [DEBUG] yandextank.core.tankcore tankcore.py:223	Configuring <yandextank.plugins.TipsAndTricks.plugin.Plugin object at 0xb5c82cc>
2016-12-24 00:53:48,732 [DEBUG] yandextank.core.tankcore tankcore.py:356	No section 'tips', adding
2016-12-24 00:53:48,733 [DEBUG] yandextank.core.tankcore tankcore.py:223	Configuring <yandextank.plugins.RCAssert.plugin.Plugin object at 0xb5c84ac>
2016-12-24 00:53:48,733 [DEBUG] yandextank.core.tankcore tankcore.py:356	No section 'rcassert', adding
2016-12-24 00:53:48,734 [INFO] yandextank.core.tankcore tankcore.py:231	Preparing test...
2016-12-24 00:53:48,735 [DEBUG] yandextank.core.tankcore tankcore.py:234	Preparing <yandextank.plugins.ResourceCheck.plugin.Plugin object at 0xb5c37ac>
2016-12-24 00:53:48,735 [INFO] yandextank.common.interfaces plugin.py:37	Checking tank resources...
2016-12-24 00:53:48,736 [DEBUG] yandextank.common.util util.py:447	Starting: sh -c "df --no-sync -m -P -l -x fuse -x tmpfs -x devtmpfs -x davfs -x nfs logs | tail -n 1 | awk '{print \$4}' "
2016-12-24 00:53:48,790 [DEBUG] yandextank.common.util util.py:469	Process output:
3778

2016-12-24 00:53:48,790 [DEBUG] yandextank.common.util util.py:471	Process exit code: 0
2016-12-24 00:53:48,790 [DEBUG] root plugin.py:56	Result: (0, '3778\n', '')
2016-12-24 00:53:48,791 [DEBUG] yandextank.common.interfaces plugin.py:62	Disk free space: 3778/2048
2016-12-24 00:53:48,791 [DEBUG] yandextank.common.interfaces plugin.py:72	Memory free: 808/512
2016-12-24 00:53:48,791 [DEBUG] yandextank.core.tankcore tankcore.py:234	Preparing <yandextank.plugins.ShellExec.plugin.Plugin object at 0xb5c3b6c>
2016-12-24 00:53:48,792 [DEBUG] yandextank.core.tankcore tankcore.py:234	Preparing <yandextank.plugins.Phantom.plugin.Plugin object at 0xb5c3bac>
2016-12-24 00:53:48,953 [INFO] yandextank.core.consoleworker consoleworker.py:299	Exception: Traceback (most recent call last):
  File "/usr/local/lib/python2.7/dist-packages/yandextank/core/consoleworker.py", line 262, in perform_test
    self.core.plugins_prepare_test()
  File "/usr/local/lib/python2.7/dist-packages/yandextank/core/tankcore.py", line 235, in plugins_prepare_test
    plugin.prepare_test()
  File "/usr/local/lib/python2.7/dist-packages/yandextank/plugins/Phantom/plugin.py", line 100, in prepare_test
    self.config = self.phantom.compose_config()
  File "/usr/local/lib/python2.7/dist-packages/yandextank/plugins/Phantom/utils.py", line 105, in compose_config
    streams_config += stream.compose_config()
  File "/usr/local/lib/python2.7/dist-packages/yandextank/plugins/Phantom/utils.py", line 277, in compose_config
    self.stepper_wrapper.prepare_stepper()
  File "/usr/local/lib/python2.7/dist-packages/yandextank/stepper/main.py", line 197, in prepare_stepper
    self.stpd = self.__get_stpd_filename()
  File "/usr/local/lib/python2.7/dist-packages/yandextank/stepper/main.py", line 252, in __get_stpd_filename
    raise RuntimeError("Neither ammofile nor uris specified")
RuntimeError: Neither ammofile nor uris specified

2016-12-24 00:53:48,982 [ERROR] yandextank.core.consoleworker consoleworker.py:301	Neither ammofile nor uris specified
2016-12-24 00:53:48,984 [INFO] yandextank.core.consoleworker consoleworker.py:248	Trying to shutdown gracefully...
2016-12-24 00:53:48,986 [INFO] yandextank.core.tankcore tankcore.py:279	Finishing test...
2016-12-24 00:53:48,988 [DEBUG] yandextank.core.tankcore tankcore.py:283	Finalize <yandextank.plugins.ResourceCheck.plugin.Plugin object at 0xb5c37ac>
2016-12-24 00:53:48,988 [DEBUG] yandextank.core.tankcore tankcore.py:285	RC before: 1
2016-12-24 00:53:48,988 [DEBUG] yandextank.core.tankcore tankcore.py:287	RC after: 1
2016-12-24 00:53:48,988 [DEBUG] yandextank.core.tankcore tankcore.py:283	Finalize <yandextank.plugins.ShellExec.plugin.Plugin object at 0xb5c3b6c>
2016-12-24 00:53:48,988 [DEBUG] yandextank.core.tankcore tankcore.py:285	RC before: 1
2016-12-24 00:53:48,988 [DEBUG] yandextank.core.tankcore tankcore.py:287	RC after: 1
2016-12-24 00:53:48,988 [DEBUG] yandextank.core.tankcore tankcore.py:283	Finalize <yandextank.plugins.Phantom.plugin.Plugin object at 0xb5c3bac>
2016-12-24 00:53:48,988 [DEBUG] yandextank.core.tankcore tankcore.py:285	RC before: 1
2016-12-24 00:53:48,988 [DEBUG] yandextank.plugins.Phantom.plugin plugin.py:208	Seems phantom finished OK
2016-12-24 00:53:48,988 [DEBUG] yandextank.core.tankcore tankcore.py:287	RC after: 1
2016-12-24 00:53:48,989 [DEBUG] yandextank.core.tankcore tankcore.py:283	Finalize <yandextank.plugins.Aggregator.plugin.Plugin object at 0xb5c3bcc>
2016-12-24 00:53:48,989 [DEBUG] yandextank.core.tankcore tankcore.py:285	RC before: 1
2016-12-24 00:53:48,989 [ERROR] yandextank.core.tankcore tankcore.py:289	Failed finishing plugin <yandextank.plugins.Aggregator.plugin.Plugin object at 0xb5c3bcc>: 'Plugin' object has no attribute 'drain'
2016-12-24 00:53:48,994 [DEBUG] yandextank.core.tankcore tankcore.py:291	Failed finishing plugin: Traceback (most recent call last):
  File "/usr/local/lib/python2.7/dist-packages/yandextank/core/tankcore.py", line 286, in plugins_end_test
    plugin.end_test(retcode)
  File "/usr/local/lib/python2.7/dist-packages/yandextank/plugins/Aggregator/plugin.py", line 128, in end_test
    if self.drain:
AttributeError: 'Plugin' object has no attribute 'drain'

2016-12-24 00:53:48,994 [DEBUG] yandextank.core.tankcore tankcore.py:283	Finalize <yandextank.plugins.Autostop.plugin.Plugin object at 0xb5c3e8c>
2016-12-24 00:53:48,995 [DEBUG] yandextank.core.tankcore tankcore.py:285	RC before: 1
2016-12-24 00:53:48,995 [DEBUG] yandextank.core.tankcore tankcore.py:287	RC after: 1
2016-12-24 00:53:48,995 [DEBUG] yandextank.core.tankcore tankcore.py:283	Finalize <yandextank.plugins.Telegraf.plugin.Plugin object at 0xb5c3ecc>
2016-12-24 00:53:48,995 [DEBUG] yandextank.core.tankcore tankcore.py:285	RC before: 1
2016-12-24 00:53:48,995 [INFO] yandextank.plugins.Telegraf.plugin plugin.py:208	Finishing monitoring
2016-12-24 00:53:48,997 [DEBUG] yandextank.plugins.Telegraf.collector collector.py:117	Uninstalling monitoring agents
2016-12-24 00:53:48,998 [DEBUG] yandextank.core.tankcore tankcore.py:287	RC after: 1
2016-12-24 00:53:48,998 [DEBUG] yandextank.core.tankcore tankcore.py:283	Finalize <yandextank.plugins.Console.plugin.Plugin object at 0xb5c3fec>
2016-12-24 00:53:48,998 [DEBUG] yandextank.core.tankcore tankcore.py:285	RC before: 1
2016-12-24 00:53:48,998 [DEBUG] yandextank.core.tankcore tankcore.py:287	RC after: 1
2016-12-24 00:53:48,998 [DEBUG] yandextank.core.tankcore tankcore.py:283	Finalize <yandextank.plugins.TipsAndTricks.plugin.Plugin object at 0xb5c82cc>
2016-12-24 00:53:48,998 [DEBUG] yandextank.core.tankcore tankcore.py:285	RC before: 1
2016-12-24 00:53:48,998 [DEBUG] yandextank.core.tankcore tankcore.py:287	RC after: 1
2016-12-24 00:53:48,998 [DEBUG] yandextank.core.tankcore tankcore.py:283	Finalize <yandextank.plugins.RCAssert.plugin.Plugin object at 0xb5c84ac>
2016-12-24 00:53:48,999 [DEBUG] yandextank.core.tankcore tankcore.py:285	RC before: 1
2016-12-24 00:53:48,999 [DEBUG] yandextank.core.tankcore tankcore.py:287	RC after: 1
2016-12-24 00:53:48,999 [INFO] yandextank.core.tankcore tankcore.py:303	Post-processing test...
2016-12-24 00:53:49,001 [DEBUG] yandextank.core.tankcore tankcore.py:307	Post-process <yandextank.plugins.ResourceCheck.plugin.Plugin object at 0xb5c37ac>
2016-12-24 00:53:49,001 [DEBUG] yandextank.core.tankcore tankcore.py:309	RC before: 1
2016-12-24 00:53:49,001 [DEBUG] yandextank.core.tankcore tankcore.py:311	RC after: 1
2016-12-24 00:53:49,001 [DEBUG] yandextank.core.tankcore tankcore.py:307	Post-process <yandextank.plugins.ShellExec.plugin.Plugin object at 0xb5c3b6c>
2016-12-24 00:53:49,001 [DEBUG] yandextank.core.tankcore tankcore.py:309	RC before: 1
2016-12-24 00:53:49,001 [DEBUG] yandextank.core.tankcore tankcore.py:311	RC after: 1
2016-12-24 00:53:49,001 [DEBUG] yandextank.core.tankcore tankcore.py:307	Post-process <yandextank.plugins.Phantom.plugin.Plugin object at 0xb5c3bac>
2016-12-24 00:53:49,002 [DEBUG] yandextank.core.tankcore tankcore.py:309	RC before: 1
2016-12-24 00:53:49,002 [DEBUG] yandextank.core.tankcore tankcore.py:311	RC after: 1
2016-12-24 00:53:49,002 [DEBUG] yandextank.core.tankcore tankcore.py:307	Post-process <yandextank.plugins.Aggregator.plugin.Plugin object at 0xb5c3bcc>
2016-12-24 00:53:49,002 [DEBUG] yandextank.core.tankcore tankcore.py:309	RC before: 1
2016-12-24 00:53:49,002 [DEBUG] yandextank.core.tankcore tankcore.py:311	RC after: 1
2016-12-24 00:53:49,002 [DEBUG] yandextank.core.tankcore tankcore.py:307	Post-process <yandextank.plugins.Autostop.plugin.Plugin object at 0xb5c3e8c>
2016-12-24 00:53:49,002 [DEBUG] yandextank.core.tankcore tankcore.py:309	RC before: 1
2016-12-24 00:53:49,002 [DEBUG] yandextank.core.tankcore tankcore.py:311	RC after: 1
2016-12-24 00:53:49,002 [DEBUG] yandextank.core.tankcore tankcore.py:307	Post-process <yandextank.plugins.Telegraf.plugin.Plugin object at 0xb5c3ecc>
2016-12-24 00:53:49,002 [DEBUG] yandextank.core.tankcore tankcore.py:309	RC before: 1
2016-12-24 00:53:49,002 [DEBUG] yandextank.core.tankcore tankcore.py:311	RC after: 1
2016-12-24 00:53:49,002 [DEBUG] yandextank.core.tankcore tankcore.py:307	Post-process <yandextank.plugins.Console.plugin.Plugin object at 0xb5c3fec>
2016-12-24 00:53:49,002 [DEBUG] yandextank.core.tankcore tankcore.py:309	RC before: 1
2016-12-24 00:53:49,003 [DEBUG] yandextank.core.tankcore tankcore.py:311	RC after: 1
2016-12-24 00:53:49,003 [DEBUG] yandextank.core.tankcore tankcore.py:307	Post-process <yandextank.plugins.TipsAndTricks.plugin.Plugin object at 0xb5c82cc>
2016-12-24 00:53:49,003 [DEBUG] yandextank.core.tankcore tankcore.py:309	RC before: 1
2016-12-24 00:53:49,003 [DEBUG] yandextank.core.tankcore tankcore.py:311	RC after: 1
2016-12-24 00:53:49,003 [DEBUG] yandextank.core.tankcore tankcore.py:307	Post-process <yandextank.plugins.RCAssert.plugin.Plugin object at 0xb5c84ac>
2016-12-24 00:53:49,003 [DEBUG] yandextank.core.tankcore tankcore.py:309	RC before: 1
2016-12-24 00:53:49,003 [DEBUG] yandextank.core.tankcore tankcore.py:311	RC after: 1
2016-12-24 00:53:49,003 [DEBUG] yandextank.core.tankcore tankcore.py:342	Collecting artifacts
2016-12-24 00:53:49,003 [INFO] yandextank.core.tankcore tankcore.py:343	Artifacts dir: /home/user/lab/helloWorld/helloWorld/src/logs/2016-12-24_00-53-48.jV5Ug9
2016-12-24 00:53:49,006 [DEBUG] yandextank.core.tankcore tankcore.py:415	Collecting file: /home/user/lab/helloWorld/helloWorld/src/logs/monitoring_lgY30o.xml to /home/user/lab/helloWorld/helloWorld/src/logs/2016-12-24_00-53-48.jV5Ug9/monitoring_lgY30o.xml
2016-12-24 00:53:49,006 [DEBUG] yandextank.core.tankcore tankcore.py:415	Collecting file: /home/user/lab/helloWorld/helloWorld/src/load.ini to /home/user/lab/helloWorld/helloWorld/src/logs/2016-12-24_00-53-48.jV5Ug9/load.ini
2016-12-24 00:53:49,006 [DEBUG] yandextank.core.tankcore tankcore.py:415	Collecting file: /home/user/lab/helloWorld/helloWorld/src/logs/answ___unj1.log to /home/user/lab/helloWorld/helloWorld/src/logs/2016-12-24_00-53-48.jV5Ug9/answ___unj1.log
2016-12-24 00:53:49,007 [DEBUG] yandextank.core.tankcore tankcore.py:415	Collecting file: /var/lock/lunapark_uo7Awe.lock to /home/user/lab/helloWorld/helloWorld/src/logs/2016-12-24_00-53-48.jV5Ug9/lunapark_uo7Awe.lock
2016-12-24 00:53:49,007 [DEBUG] yandextank.core.tankcore tankcore.py:415	Collecting file: /home/user/lab/helloWorld/helloWorld/src/logs/phout_BwMNUA.log to /home/user/lab/helloWorld/helloWorld/src/logs/2016-12-24_00-53-48.jV5Ug9/phout_BwMNUA.log
2016-12-24 00:53:49,007 [DEBUG] yandextank.core.tankcore tankcore.py:415	Collecting file: /home/user/lab/helloWorld/helloWorld/src/logs/phantom_p9Yx6P.log to /home/user/lab/helloWorld/helloWorld/src/logs/2016-12-24_00-53-48.jV5Ug9/phantom_p9Yx6P.log
2016-12-24 00:53:49,008 [DEBUG] yandextank.core.tankcore tankcore.py:415	Collecting file: tank.log to /home/user/lab/helloWorld/helloWorld/src/logs/2016-12-24_00-53-48.jV5Ug9/tank.log
2016-12-24 00:53:49,008 [DEBUG] yandextank.core.tankcore tankcore.py:415	Collecting file: /home/user/lab/helloWorld/helloWorld/src/logs/phantom_stat_9IzKGI.log to /home/user/lab/helloWorld/helloWorld/src/logs/2016-12-24_00-53-48.jV5Ug9/phantom_stat_9IzKGI.log
2016-12-24 00:53:49,008 [INFO] yandextank.core.consoleworker consoleworker.py:251	Done graceful shutdown
2016-12-24 00:53:49,010 [INFO] yandextank.core.tankcore tankcore.py:526	Close allocated resources...
2016-12-24 00:53:49,011 [DEBUG] yandextank.core.tankcore tankcore.py:529	Close <yandextank.plugins.ResourceCheck.plugin.Plugin object at 0xb5c37ac>
2016-12-24 00:53:49,011 [DEBUG] yandextank.core.tankcore tankcore.py:529	Close <yandextank.plugins.ShellExec.plugin.Plugin object at 0xb5c3b6c>
2016-12-24 00:53:49,011 [DEBUG] yandextank.core.tankcore tankcore.py:529	Close <yandextank.plugins.Phantom.plugin.Plugin object at 0xb5c3bac>
2016-12-24 00:53:49,011 [DEBUG] yandextank.core.tankcore tankcore.py:529	Close <yandextank.plugins.Aggregator.plugin.Plugin object at 0xb5c3bcc>
2016-12-24 00:53:49,011 [DEBUG] yandextank.core.tankcore tankcore.py:529	Close <yandextank.plugins.Autostop.plugin.Plugin object at 0xb5c3e8c>
2016-12-24 00:53:49,011 [DEBUG] yandextank.core.tankcore tankcore.py:529	Close <yandextank.plugins.Telegraf.plugin.Plugin object at 0xb5c3ecc>
2016-12-24 00:53:49,011 [DEBUG] yandextank.core.tankcore tankcore.py:529	Close <yandextank.plugins.Console.plugin.Plugin object at 0xb5c3fec>
2016-12-24 00:53:49,011 [DEBUG] yandextank.core.tankcore tankcore.py:529	Close <yandextank.plugins.TipsAndTricks.plugin.Plugin object at 0xb5c82cc>
2016-12-24 00:53:49,011 [DEBUG] yandextank.core.tankcore tankcore.py:529	Close <yandextank.plugins.RCAssert.plugin.Plugin object at 0xb5c84ac>
2016-12-24 00:53:49,011 [INFO] yandextank.core.consoleworker consoleworker.py:309	Done performing test with code 1
