"2017-01-07 04:14:24.191 +0300" : {
  "main_scheduler" : {
    "bqs" : {
      "03366" : {
        "mmconts" : [0, 992, 1005],
        "acts" : [620, 605],
        "tstate" : { "idle" : 818316, "run" : 201400, "locked" : 0, "mmap" : 4093 }
      }
    }
  },
  "benchmark_io" : {
    "simple_times" : {
      "mcount" : {
        "mcount" : { "16 -- 25" : 1, "6 -- 10" : 2, "4 -- 6" : 1, "2 -- 4" : 2, "1 -- 2" : 10, "1 -- 1" : 27, "-- 1" : 162 }
      }
    },
    "stream_method" : {
      "conns" : [205, 196],
      "in" : [35465, 34064],
      "out" : [4100, 3938],
      "mmtasks" : [0, 0, 5],
      "load" : 0.793,
      "mcount" : {
        "mcount" : { "Protocol error" : 205 }
      },
      "http_proto0" : {
        "mcount" : {
          "mcount" : { }
        }
      },
      "source_log" : {
        "delta" : [0, 0, 3582]
      },
      "loggers" : {
        "brief_logger" : {
          "records" : [205, 196],
          "out" : [11550, 11092]
        }
      }
    }
  }
},
"2017-01-07 04:14:25.191 +0300" : {
  "main_scheduler" : {
    "bqs" : {
      "03366" : {
        "mmconts" : [1005, 1005, 1005],
        "acts" : [604, 604],
        "tstate" : { "idle" : 832899, "run" : 167114, "locked" : 0, "mmap" : 0 }
      }
    }
  },
  "benchmark_io" : {
    "simple_times" : {
      "mcount" : {
        "mcount" : { "1 -- 2" : 4, "1 -- 1" : 34, "-- 1" : 162 }
      }
    },
    "stream_method" : {
      "conns" : [200, 199],
      "in" : [34600, 34596],
      "out" : [4000, 3999],
      "mmtasks" : [0, 0, 3],
      "load" : 0.927,
      "mcount" : {
        "mcount" : { "Protocol error" : 200 }
      },
      "http_proto0" : {
        "mcount" : {
          "mcount" : { }
        }
      },
      "source_log" : {
        "delta" : [0, 0, 0]
      },
      "loggers" : {
        "brief_logger" : {
          "records" : [200, 199],
          "out" : [11215, 11213]
        }
      }
    }
  }
},
"2017-01-07 04:14:26.191 +0300" : {
  "main_scheduler" : {
    "bqs" : {
      "03366" : {
        "mmconts" : [1005, 1005, 1005],
        "acts" : [604, 603],
        "tstate" : { "idle" : 820073, "run" : 180539, "locked" : 0, "mmap" : 0 }
      }
    }
  },
  "benchmark_io" : {
    "simple_times" : {
      "mcount" : {
        "mcount" : { "6 -- 10" : 1, "2 -- 4" : 1, "1 -- 2" : 3, "1 -- 1" : 33, "-- 1" : 162 }
      }
    },
    "stream_method" : {
      "conns" : [200, 199],
      "in" : [34600, 34583],
      "out" : [4000, 3998],
      "mmtasks" : [0, 0, 2],
      "load" : 0.933,
      "mcount" : {
        "mcount" : { "Protocol error" : 200 }
      },
      "http_proto0" : {
        "mcount" : {
          "mcount" : { }
        }
      },
      "source_log" : {
        "delta" : [0, 0, 0]
      },
      "loggers" : {
        "brief_logger" : {
          "records" : [200, 199],
          "out" : [11256, 11251]
        }
      }
    }
  }
},
"2017-01-07 04:14:27.190 +0300" : {
  "main_scheduler" : {
    "bqs" : {
      "03366" : {
        "mmconts" : [1005, 1005, 1005],
        "acts" : [604, 604],
        "tstate" : { "idle" : 823901, "run" : 175356, "locked" : 0, "mmap" : 0 }
      }
    }
  },
  "benchmark_io" : {
    "simple_times" : {
      "mcount" : {
        "mcount" : { "4 -- 6" : 3, "2 -- 4" : 2, "1 -- 1" : 21, "-- 1" : 174 }
      }
    },
    "stream_method" : {
      "conns" : [200, 200],
      "in" : [34600, 34625],
      "out" : [4000, 4002],
      "mmtasks" : [0, 0, 2],
      "load" : 0.942,
      "mcount" : {
        "mcount" : { "Protocol error" : 200 }
      },
      "http_proto0" : {
        "mcount" : {
          "mcount" : { }
        }
      },
      "source_log" : {
        "delta" : [0, 0, 0]
      },
      "loggers" : {
        "brief_logger" : {
          "records" : [200, 200],
          "out" : [11211, 11219]
        }
      }
    }
  }
},
"2017-01-07 04:14:28.191 +0300" : {
  "main_scheduler" : {
    "bqs" : {
      "03366" : {
        "mmconts" : [1000, 1004, 1005],
        "acts" : [604, 603],
        "tstate" : { "idle" : 728868, "run" : 271374, "locked" : 0, "mmap" : 15 }
      }
    }
  },
  "benchmark_io" : {
    "simple_times" : {
      "mcount" : {
        "mcount" : { "16 -- 25" : 1, "10 -- 16" : 2, "6 -- 10" : 5, "4 -- 6" : 5, "2 -- 4" : 7, "1 -- 2" : 14, "1 -- 1" : 31, "-- 1" : 135 }
      }
    },
    "stream_method" : {
      "conns" : [200, 199],
      "in" : [34600, 34591],
      "out" : [4000, 3998],
      "mmtasks" : [0, 0, 4],
      "load" : 0.789,
      "mcount" : {
        "mcount" : { "Protocol error" : 200 }
      },
      "http_proto0" : {
        "mcount" : {
          "mcount" : { }
        }
      },
      "source_log" : {
        "delta" : [0, 0, 0]
      },
      "loggers" : {
        "brief_logger" : {
          "records" : [200, 199],
          "out" : [11397, 11394]
        }
      }
    }
  }
},
"2017-01-07 04:14:29.191 +0300" : {
  "main_scheduler" : {
    "bqs" : {
      "03366" : {
        "mmconts" : [800, 900, 1000],
        "acts" : [604, 603],
        "tstate" : { "idle" : 824000, "run" : 176429, "locked" : 0, "mmap" : 0 }
      }
    }
  },
  "benchmark_io" : {
    "simple_times" : {
      "mcount" : {
        "mcount" : { "6 -- 10" : 1, "4 -- 6" : 1, "2 -- 4" : 1, "1 -- 1" : 27, "-- 1" : 170 }
      }
    },
    "stream_method" : {
      "conns" : [200, 199],
      "in" : [34600, 34585],
      "out" : [4000, 3998],
      "mmtasks" : [0, 0, 2],
      "load" : 0.941,
      "mcount" : {
        "mcount" : { "Protocol error" : 200 }
      },
      "http_proto0" : {
        "mcount" : {
          "mcount" : { }
        }
      },
      "source_log" : {
        "delta" : [0, 0, 0]
      },
      "loggers" : {
        "brief_logger" : {
          "records" : [200, 199],
          "out" : [11232, 11227]
        }
      }
    }
  }
},
"2017-01-07 04:14:30.192 +0300" : {
  "main_scheduler" : {
    "bqs" : {
      "03366" : {
        "mmconts" : [600, 700, 800],
        "acts" : [604, 603],
        "tstate" : { "idle" : 807817, "run" : 192942, "locked" : 0, "mmap" : 0 }
      }
    }
  },
  "benchmark_io" : {
    "simple_times" : {
      "mcount" : {
        "mcount" : { "6 -- 10" : 1, "4 -- 6" : 2, "2 -- 4" : 1, "1 -- 2" : 8, "1 -- 1" : 32, "-- 1" : 156 }
      }
    },
    "stream_method" : {
      "conns" : [200, 199],
      "in" : [34600, 34571],
      "out" : [4000, 3996],
      "mmtasks" : [0, 0, 3],
      "load" : 0.875,
      "mcount" : {
        "mcount" : { "Protocol error" : 200 }
      },
      "http_proto0" : {
        "mcount" : {
          "mcount" : { }
        }
      },
      "source_log" : {
        "delta" : [0, 0, 0]
      },
      "loggers" : {
        "brief_logger" : {
          "records" : [200, 199],
          "out" : [11336, 11325]
        }
      }
    }
  }
},
"2017-01-07 04:14:31.191 +0300" : {
  "main_scheduler" : {
    "bqs" : {
      "03366" : {
        "mmconts" : [400, 500, 600],
        "acts" : [604, 604],
        "tstate" : { "idle" : 737943, "run" : 256812, "locked" : 0, "mmap" : 4271 }
      }
    }
  },
  "benchmark_io" : {
    "simple_times" : {
      "mcount" : {
        "mcount" : { "16 -- 25" : 3, "10 -- 16" : 5, "6 -- 10" : 2, "4 -- 6" : 3, "2 -- 4" : 6, "1 -- 2" : 10, "1 -- 1" : 57, "-- 1" : 114 }
      }
    },
    "stream_method" : {
      "conns" : [200, 200],
      "in" : [34600, 34635],
      "out" : [4000, 4004],
      "mmtasks" : [0, 0, 6],
      "load" : 0.668,
      "mcount" : {
        "mcount" : { "Protocol error" : 200 }
      },
      "http_proto0" : {
        "mcount" : {
          "mcount" : { }
        }
      },
      "source_log" : {
        "delta" : [0, 0, 0]
      },
      "loggers" : {
        "brief_logger" : {
          "records" : [200, 200],
          "out" : [11504, 11517]
        }
      }
    }
  }
},
"2017-01-07 04:14:32.190 +0300" : {
  "main_scheduler" : {
    "bqs" : {
      "03366" : {
        "mmconts" : [200, 300, 400],
        "acts" : [604, 604],
        "tstate" : { "idle" : 782774, "run" : 208934, "locked" : 0, "mmap" : 7636 }
      }
    }
  },
  "benchmark_io" : {
    "simple_times" : {
      "mcount" : {
        "mcount" : { "2 -- 4" : 4, "1 -- 2" : 2, "1 -- 1" : 57, "-- 1" : 137 }
      }
    },
    "stream_method" : {
      "conns" : [200, 200],
      "in" : [34600, 34622],
      "out" : [4000, 4002],
      "mmtasks" : [0, 0, 3],
      "load" : 0.938,
      "mcount" : {
        "mcount" : { "Protocol error" : 200 }
      },
      "http_proto0" : {
        "mcount" : {
          "mcount" : { }
        }
      },
      "source_log" : {
        "delta" : [0, 0, 0]
      },
      "loggers" : {
        "brief_logger" : {
          "records" : [200, 200],
          "out" : [11384, 11391]
        }
      }
    }
  }
},
"2017-01-07 04:14:33.165 +0300" : {
  "main_scheduler" : {
    "bqs" : {
      "03366" : {
        "mmconts" : [5, 102, 200],
        "acts" : [587, 602],
        "tstate" : { "idle" : 687441, "run" : 277153, "locked" : 0, "mmap" : 10276 }
      }
    }
  },
  "benchmark_io" : {
    "simple_times" : {
      "mcount" : {
        "mcount" : { "16 -- 25" : 1, "10 -- 16" : 1, "6 -- 10" : 4, "4 -- 6" : 5, "2 -- 4" : 5, "1 -- 2" : 11, "1 -- 1" : 44, "-- 1" : 124 }
      }
    },
    "stream_method" : {
      "conns" : [195, 200],
      "in" : [33735, 34603],
      "out" : [3900, 4000],
      "mmtasks" : [0, 0, 4],
      "load" : 0.819,
      "mcount" : {
        "mcount" : { "Protocol error" : 195 }
      },
      "http_proto0" : {
        "mcount" : {
          "mcount" : { }
        }
      },
      "source_log" : {
        "delta" : [0, 0, 0]
      },
      "loggers" : {
        "brief_logger" : {
          "records" : [195, 200],
          "out" : [11164, 11451]
        }
      }
    }
  }
}